[38;5;0m[HTTP][0m [37m-->[39m [37mPOST[39m [37m/session[39m
[38;5;0m[HTTP][0m [90m{"capabilities":{"alwaysMatch":{"appium:platformName":"Android","appium:platformVersion":"10","appium:deviceName":"Pixel 3","appium:automationName":"UiAutomator2","appium:app":"B:\\Projects\\Appium-WebdriverIO\\app\\android\\ColorNote.apk","appium:autoGrantPermissions":true},"firstMatch":[{}]},"desiredCapabilities":{"appium:platformName":"Android","appium:platformVersion":"10","appium:deviceName":"Pixel 3","appium:automationName":"UiAutomator2","appium:app":"B:\\Projects\\Appium-WebdriverIO\\app\\android\\ColorNote.apk","appium:autoGrantPermissions":true}}[39m
[debug] [38;5;16m[AppiumDriver@a474][0m Calling AppiumDriver.createSession() with args: [{"appium:platformName":"Android","appium:platformVersion":"10","appium:deviceName":"Pixel 3","appium:automationName":"UiAutomator2","appium:app":"B:\\Projects\\Appium-WebdriverIO\\app\\android\\ColorNote.apk","appium:autoGrantPermissions":true},null,{"alwaysMatch":{"appium:platformName":"Android","appium:platformVersion":"10","appium:deviceName":"Pixel 3","appium:automationName":"UiAutomator2","appium:app":"B:\\Projects\\Appium-WebdriverIO\\app\\android\\ColorNote.apk","appium:autoGrantPermissions":true},"firstMatch":[{}]}]
[debug] [38;5;16m[AppiumDriver@a474][0m Event 'newSessionRequested' logged at 1676118738991 (13:32:18 GMT+0100 (czas środkowoeuropejski standardowy))
[38;5;32m[BaseDriver][0m The capabilities ["platformName"] are standard capabilities and do not require "appium:" prefix
[35m[Appium][39m Attempting to find matching driver for automationName 'UiAutomator2' and platformName 'Android'
[35m[Appium][39m The 'uiautomator2' driver was installed and matched caps.
[35m[Appium][39m Will require it at B:/Projects/Appium-WebdriverIO/node_modules/appium-uiautomator2-driver
[debug] [35m[Appium][39m Requiring driver at B:/Projects/Appium-WebdriverIO/node_modules/appium-uiautomator2-driver
[38;5;16m[AppiumDriver@a474][0m Appium v2.0.0-beta.53 creating new AndroidUiautomator2Driver (v2.12.3) session
[38;5;16m[AppiumDriver@a474][0m Checking BaseDriver versions for Appium and AndroidUiautomator2Driver
[38;5;16m[AppiumDriver@a474][0m Appium's BaseDriver version is 9.3.0
[38;5;16m[AppiumDriver@a474][0m AndroidUiautomator2Driver's BaseDriver version is 9.3.0
[38;5;16m[AppiumDriver@a474][0m Applying relaxed security to 'AndroidUiautomator2Driver' as per server command line argument. All insecure features will be enabled unless explicitly disabled by --deny-insecure
[debug] [38;5;48m[AndroidUiautomator2Driver@f1ab][0m Creating session with W3C capabilities: {
[debug] [38;5;48m[AndroidUiautomator2Driver@f1ab][0m   "alwaysMatch": {
[debug] [38;5;48m[AndroidUiautomator2Driver@f1ab][0m     "platformName": "Android",
[debug] [38;5;48m[AndroidUiautomator2Driver@f1ab][0m     "appium:platformVersion": "10",
[debug] [38;5;48m[AndroidUiautomator2Driver@f1ab][0m     "appium:deviceName": "Pixel 3",
[debug] [38;5;48m[AndroidUiautomator2Driver@f1ab][0m     "appium:automationName": "UiAutomator2",
[debug] [38;5;48m[AndroidUiautomator2Driver@f1ab][0m     "appium:app": "B:\\Projects\\Appium-WebdriverIO\\app\\android\\ColorNote.apk",
[debug] [38;5;48m[AndroidUiautomator2Driver@f1ab][0m     "appium:autoGrantPermissions": true
[debug] [38;5;48m[AndroidUiautomator2Driver@f1ab][0m   },
[debug] [38;5;48m[AndroidUiautomator2Driver@f1ab][0m   "firstMatch": [
[debug] [38;5;48m[AndroidUiautomator2Driver@f1ab][0m     {}
[debug] [38;5;48m[AndroidUiautomator2Driver@f1ab][0m   ]
[debug] [38;5;48m[AndroidUiautomator2Driver@f1ab][0m }
[38;5;48m[AndroidUiautomator2Driver@f1ab (13cd8456)][0m Session created with session id: 13cd8456-fdae-4525-a41d-3160a393f37b
[38;5;32m[BaseDriver][0m Using local app 'B:\Projects\Appium-WebdriverIO\app\android\ColorNote.apk'
[debug] [38;5;48m[AndroidUiautomator2Driver@f1ab (13cd8456)][0m Checking whether app is actually present
[38;5;64m[ADB][0m Found 1 'build-tools' folders under 'C:\Users\goabe\AppData\Local\Android\Sdk' (newest first):
[38;5;64m[ADB][0m     C:/Users/goabe/AppData/Local/Android/Sdk/build-tools/31.0.0
[38;5;64m[ADB][0m Using 'adb.exe' from 'C:\Users\goabe\AppData\Local\Android\Sdk\platform-tools\adb.exe'
[debug] [38;5;64m[ADB][0m Running 'C:\Users\goabe\AppData\Local\Android\Sdk\platform-tools\adb.exe -P 5037 start-server'
[38;5;80m[AndroidDriver][0m Retrieving device list
[debug] [38;5;64m[ADB][0m Trying to find a connected android device
[debug] [38;5;64m[ADB][0m Getting connected devices
[debug] [38;5;64m[ADB][0m Connected devices: [{"udid":"emulator-5554","state":"device"}]
[38;5;80m[AndroidDriver][0m Looking for a device with Android '10.0.0'
[debug] [38;5;64m[ADB][0m Setting device id to emulator-5554
[38;5;64m[ADB][0m Getting device platform version
[debug] [38;5;64m[ADB][0m Running 'C:\Users\goabe\AppData\Local\Android\Sdk\platform-tools\adb.exe -P 5037 -s emulator-5554 shell getprop ro.build.version.release'
[debug] [38;5;64m[ADB][0m Current device property 'ro.build.version.release': 10
[38;5;80m[AndroidDriver][0m Using device: emulator-5554
[38;5;64m[ADB][0m Using 'adb.exe' from 'C:\Users\goabe\AppData\Local\Android\Sdk\platform-tools\adb.exe'
[debug] [38;5;64m[ADB][0m Running 'C:\Users\goabe\AppData\Local\Android\Sdk\platform-tools\adb.exe -P 5037 start-server'
[debug] [38;5;64m[ADB][0m Setting device id to emulator-5554
[debug] [38;5;64m[ADB][0m Running 'C:\Users\goabe\AppData\Local\Android\Sdk\platform-tools\adb.exe -P 5037 -s emulator-5554 shell getprop ro.build.version.sdk'
[debug] [38;5;64m[ADB][0m Current device property 'ro.build.version.sdk': 29
[38;5;64m[ADB][0m Getting device platform version
[debug] [38;5;64m[ADB][0m Running 'C:\Users\goabe\AppData\Local\Android\Sdk\platform-tools\adb.exe -P 5037 -s emulator-5554 shell getprop ro.build.version.release'
[debug] [38;5;64m[ADB][0m Current device property 'ro.build.version.release': 10
[debug] [38;5;64m[ADB][0m Device API level: 29
[38;5;48m[AndroidUiautomator2Driver@f1ab (13cd8456)][0m Relaxing hidden api policy
[debug] [38;5;64m[ADB][0m Running 'C:\Users\goabe\AppData\Local\Android\Sdk\platform-tools\adb.exe -P 5037 -s emulator-5554 shell 'settings put global hidden_api_policy_pre_p_apps 1;settings put global hidden_api_policy_p_apps 1;settings put global hidden_api_policy 1''
[debug] [38;5;80m[AndroidDriver][0m Parsing package and activity from app manifest
[38;5;64m[ADB][0m Package name: 'com.socialnmobile.dictapps.notepad.color.note'
[38;5;64m[ADB][0m Main activity name: 'com.socialnmobile.colornote.activity.Main'
[debug] [38;5;80m[AndroidDriver][0m Parsed package and activity are: com.socialnmobile.dictapps.notepad.color.note/com.socialnmobile.colornote.activity.Main
[debug] [38;5;64m[ADB][0m Running 'C:\Users\goabe\AppData\Local\Android\Sdk\platform-tools\adb.exe -P 5037 -s emulator-5554 wait-for-device'
[debug] [38;5;64m[ADB][0m Running 'C:\Users\goabe\AppData\Local\Android\Sdk\platform-tools\adb.exe -P 5037 -s emulator-5554 shell echo ping'
[debug] [38;5;80m[AndroidDriver][0m Pushing settings apk to device...
[debug] [38;5;64m[ADB][0m Getting install status for io.appium.settings
[debug] [38;5;64m[ADB][0m Running 'C:\Users\goabe\AppData\Local\Android\Sdk\platform-tools\adb.exe -P 5037 -s emulator-5554 shell dumpsys package io.appium.settings'
[debug] [38;5;64m[ADB][0m 'io.appium.settings' is installed
[debug] [38;5;64m[ADB][0m Getting package info for 'io.appium.settings'
[debug] [38;5;64m[ADB][0m Running 'C:\Users\goabe\AppData\Local\Android\Sdk\platform-tools\adb.exe -P 5037 -s emulator-5554 shell dumpsys package io.appium.settings'
[debug] [38;5;64m[ADB][0m The version name of the installed 'io.appium.settings' is greater or equal to the application version name ('5.0.3' >= '5.0.3')
[debug] [38;5;64m[ADB][0m There is no need to install/upgrade 'B:\Projects\Appium-WebdriverIO\node_modules\appium-uiautomator2-driver\node_modules\io.appium.settings\apks\settings_apk-debug.apk'
[debug] [38;5;64m[ADB][0m Getting IDs of all 'io.appium.settings' processes
[debug] [38;5;64m[ADB][0m Running 'C:\Users\goabe\AppData\Local\Android\Sdk\platform-tools\adb.exe -P 5037 -s emulator-5554 shell 'pgrep --help; echo $?''
[debug] [38;5;64m[ADB][0m Running 'C:\Users\goabe\AppData\Local\Android\Sdk\platform-tools\adb.exe -P 5037 -s emulator-5554 shell pgrep -f \(\[\[:blank:\]\]\|\^\)io\.appium\.settings\(\[\[:blank:\]\]\|\$\)'
[debug] [38;5;80m[AndroidDriver][0m io.appium.settings is already running. There is no need to reset its permissions.
[debug] [38;5;96m[Logcat][0m Starting logs capture with command: C:\\Users\\goabe\\AppData\\Local\\Android\\Sdk\\platform-tools\\adb.exe -P 5037 -s emulator-5554 logcat -v threadtime
[debug] [38;5;48m[AndroidUiautomator2Driver@f1ab (13cd8456)][0m Forwarding UiAutomator2 Server port 6790 to local port 8200
[debug] [38;5;64m[ADB][0m Forwarding system: 8200 to device: 6790
[debug] [38;5;64m[ADB][0m Running 'C:\Users\goabe\AppData\Local\Android\Sdk\platform-tools\adb.exe -P 5037 -s emulator-5554 forward tcp:8200 tcp:6790'
[debug] [38;5;64m[ADB][0m Getting install status for io.appium.uiautomator2.server
[debug] [38;5;64m[ADB][0m Running 'C:\Users\goabe\AppData\Local\Android\Sdk\platform-tools\adb.exe -P 5037 -s emulator-5554 shell dumpsys package io.appium.uiautomator2.server'
[debug] [38;5;64m[ADB][0m 'io.appium.uiautomator2.server' is installed
[debug] [38;5;64m[ADB][0m Getting package info for 'io.appium.uiautomator2.server'
[debug] [38;5;64m[ADB][0m Running 'C:\Users\goabe\AppData\Local\Android\Sdk\platform-tools\adb.exe -P 5037 -s emulator-5554 shell dumpsys package io.appium.uiautomator2.server'
[debug] [38;5;64m[ADB][0m The version name of the installed 'io.appium.uiautomator2.server' is greater or equal to the application version name ('5.7.7' >= '5.7.7')
[debug] [38;5;48m[AndroidUiautomator2Driver@f1ab (13cd8456)][0m io.appium.uiautomator2.server installation state: sameVersionInstalled
[debug] [38;5;64m[ADB][0m Checking app cert for B:\Projects\Appium-WebdriverIO\node_modules\appium-uiautomator2-driver\node_modules\appium-uiautomator2-server\apks\appium-uiautomator2-server-v5.7.7.apk
[38;5;64m[ADB][0m Using 'apksigner.jar' from 'C:\Users\goabe\AppData\Local\Android\Sdk\build-tools\31.0.0\lib\apksigner.jar'
[debug] [38;5;64m[ADB][0m Starting apksigner: 'C:\\Program Files\\Eclipse Adoptium\\jdk-17.0.6.10-hotspot\\bin\\java.exe' -Xmx1024M -Xss1m -jar C:\\Users\\goabe\\AppData\\Local\\Android\\Sdk\\build-tools\\31.0.0\\lib\\apksigner.jar verify --print-certs B:\\Projects\\Appium-WebdriverIO\\node_modules\\appium-uiautomator2-driver\\node_modules\\appium-uiautomator2-server\\apks\\appium-uiautomator2-server-v5.7.7.apk
[debug] [38;5;64m[ADB][0m apksigner stdout: Signer #1 certificate DN: EMAILADDRESS=android@android.com, CN=Android, OU=Android, O=Android, L=Mountain View, ST=California, C=US
[debug] [38;5;64m[ADB][0m Signer #1 certificate SHA-256 digest: a40da80a59d170caa950cf15c18c454d47a39b26989d8b640ecd745ba71bf5dc
[debug] [38;5;64m[ADB][0m Signer #1 certificate SHA-1 digest: 61ed377e85d386a8dfee6b864bd85b0bfaa5af81
[debug] [38;5;64m[ADB][0m Signer #1 certificate MD5 digest: e89b158e4bcf988ebd09eb83f5378e87
[debug] [38;5;64m[ADB][0m 
[debug] [38;5;64m[ADB][0m sha256 hash did match for 'appium-uiautomator2-server-v5.7.7.apk'
[38;5;64m[ADB][0m 'B:\Projects\Appium-WebdriverIO\node_modules\appium-uiautomator2-driver\node_modules\appium-uiautomator2-server\apks\appium-uiautomator2-server-v5.7.7.apk' is signed with the default certificate
[debug] [38;5;64m[ADB][0m Getting install status for io.appium.uiautomator2.server.test
[debug] [38;5;64m[ADB][0m Running 'C:\Users\goabe\AppData\Local\Android\Sdk\platform-tools\adb.exe -P 5037 -s emulator-5554 shell dumpsys package io.appium.uiautomator2.server.test'
[debug] [38;5;64m[ADB][0m 'io.appium.uiautomator2.server.test' is installed
[debug] [38;5;64m[ADB][0m Checking app cert for B:\Projects\Appium-WebdriverIO\node_modules\appium-uiautomator2-driver\node_modules\appium-uiautomator2-server\apks\appium-uiautomator2-server-debug-androidTest.apk
[debug] [38;5;64m[ADB][0m Starting apksigner: 'C:\\Program Files\\Eclipse Adoptium\\jdk-17.0.6.10-hotspot\\bin\\java.exe' -Xmx1024M -Xss1m -jar C:\\Users\\goabe\\AppData\\Local\\Android\\Sdk\\build-tools\\31.0.0\\lib\\apksigner.jar verify --print-certs B:\\Projects\\Appium-WebdriverIO\\node_modules\\appium-uiautomator2-driver\\node_modules\\appium-uiautomator2-server\\apks\\appium-uiautomator2-server-debug-androidTest.apk
[debug] [38;5;64m[ADB][0m apksigner stdout: Signer #1 certificate DN: EMAILADDRESS=android@android.com, CN=Android, OU=Android, O=Android, L=Mountain View, ST=California, C=US
[debug] [38;5;64m[ADB][0m Signer #1 certificate SHA-256 digest: a40da80a59d170caa950cf15c18c454d47a39b26989d8b640ecd745ba71bf5dc
[debug] [38;5;64m[ADB][0m Signer #1 certificate SHA-1 digest: 61ed377e85d386a8dfee6b864bd85b0bfaa5af81
[debug] [38;5;64m[ADB][0m Signer #1 certificate MD5 digest: e89b158e4bcf988ebd09eb83f5378e87
[debug] [38;5;64m[ADB][0m 
[debug] [38;5;64m[ADB][0m sha256 hash did match for 'appium-uiautomator2-server-debug-androidTest.apk'
[38;5;64m[ADB][0m 'B:\Projects\Appium-WebdriverIO\node_modules\appium-uiautomator2-driver\node_modules\appium-uiautomator2-server\apks\appium-uiautomator2-server-debug-androidTest.apk' is signed with the default certificate
[38;5;48m[AndroidUiautomator2Driver@f1ab (13cd8456)][0m Server packages are not going to be (re)installed
[debug] [38;5;48m[AndroidUiautomator2Driver@f1ab (13cd8456)][0m Waiting up to 30000ms for services to be available
[debug] [38;5;64m[ADB][0m Running 'C:\Users\goabe\AppData\Local\Android\Sdk\platform-tools\adb.exe -P 5037 -s emulator-5554 shell pm list instrumentation'
[debug] [38;5;48m[AndroidUiautomator2Driver@f1ab (13cd8456)][0m Instrumentation target 'io.appium.uiautomator2.server.test/androidx.test.runner.AndroidJUnitRunner' is available
[38;5;64m[ADB][0m Adding packages ["io.appium.settings","io.appium.uiautomator2.server","io.appium.uiautomator2.server.test"] to Doze whitelist
[debug] [38;5;64m[ADB][0m Got the following command chunks to execute: [["dumpsys","deviceidle","whitelist","+io.appium.settings",";","dumpsys","deviceidle","whitelist","+io.appium.uiautomator2.server",";","dumpsys","deviceidle","whitelist","+io.appium.uiautomator2.server.test",";"]]
[debug] [38;5;64m[ADB][0m Running 'C:\Users\goabe\AppData\Local\Android\Sdk\platform-tools\adb.exe -P 5037 -s emulator-5554 shell dumpsys deviceidle whitelist +io.appium.settings ; dumpsys deviceidle whitelist +io.appium.uiautomator2.server ; dumpsys deviceidle whitelist +io.appium.uiautomator2.server.test ;'
[debug] [38;5;64m[ADB][0m Checking app cert for B:\Projects\Appium-WebdriverIO\app\android\ColorNote.apk
[debug] [38;5;64m[ADB][0m Starting apksigner: 'C:\\Program Files\\Eclipse Adoptium\\jdk-17.0.6.10-hotspot\\bin\\java.exe' -Xmx1024M -Xss1m -jar C:\\Users\\goabe\\AppData\\Local\\Android\\Sdk\\build-tools\\31.0.0\\lib\\apksigner.jar verify --print-certs B:\\Projects\\Appium-WebdriverIO\\app\\android\\ColorNote.apk
[debug] [38;5;64m[ADB][0m apksigner stdout: Signer #1 certificate DN: CN=socialnmobile, OU=android, O=socialnmobile, L=Unknown, ST=Unknown, C=Unknown
[debug] [38;5;64m[ADB][0m Signer #1 certificate SHA-256 digest: 4e92275e4f7853f3df65171071f0b6841b063520ee93d9bb2db647baec695b98
[debug] [38;5;64m[ADB][0m Signer #1 certificate SHA-1 digest: f4d8a67bf40879df79cbf1dc8b2999df74ebbf76
[debug] [38;5;64m[ADB][0m Signer #1 certificate MD5 digest: 8190fa0dfb1457782dbbe689beef98b7
[debug] [38;5;64m[ADB][0m 
[38;5;64m[ADB][0m 'B:\Projects\Appium-WebdriverIO\app\android\ColorNote.apk' is signed with a non-default certificate
[debug] [38;5;64m[ADB][0m Getting install status for com.socialnmobile.dictapps.notepad.color.note
[debug] [38;5;64m[ADB][0m Running 'C:\Users\goabe\AppData\Local\Android\Sdk\platform-tools\adb.exe -P 5037 -s emulator-5554 shell dumpsys package com.socialnmobile.dictapps.notepad.color.note'
[debug] [38;5;64m[ADB][0m 'com.socialnmobile.dictapps.notepad.color.note' is installed
[debug] [38;5;64m[ADB][0m Getting package info for 'com.socialnmobile.dictapps.notepad.color.note'
[debug] [38;5;64m[ADB][0m Running 'C:\Users\goabe\AppData\Local\Android\Sdk\platform-tools\adb.exe -P 5037 -s emulator-5554 shell dumpsys package com.socialnmobile.dictapps.notepad.color.note'
[debug] [38;5;64m[ADB][0m The version name of the installed 'com.socialnmobile.dictapps.notepad.color.note' is greater or equal to the application version name ('4.2.4' >= '4.2.4')
[debug] [38;5;64m[ADB][0m There is no need to install/upgrade 'B:\Projects\Appium-WebdriverIO\app\android\ColorNote.apk'
[38;5;80m[AndroidDriver][0m Performing fast reset on 'com.socialnmobile.dictapps.notepad.color.note'
[debug] [38;5;64m[ADB][0m Getting install status for com.socialnmobile.dictapps.notepad.color.note
[debug] [38;5;64m[ADB][0m Running 'C:\Users\goabe\AppData\Local\Android\Sdk\platform-tools\adb.exe -P 5037 -s emulator-5554 shell dumpsys package com.socialnmobile.dictapps.notepad.color.note'
[debug] [38;5;64m[ADB][0m 'com.socialnmobile.dictapps.notepad.color.note' is installed
[debug] [38;5;64m[ADB][0m Running 'C:\Users\goabe\AppData\Local\Android\Sdk\platform-tools\adb.exe -P 5037 -s emulator-5554 shell am force-stop com.socialnmobile.dictapps.notepad.color.note'
[debug] [38;5;64m[ADB][0m Running 'C:\Users\goabe\AppData\Local\Android\Sdk\platform-tools\adb.exe -P 5037 -s emulator-5554 shell pm clear com.socialnmobile.dictapps.notepad.color.note'
[debug] [38;5;64m[ADB][0m Running 'C:\Users\goabe\AppData\Local\Android\Sdk\platform-tools\adb.exe -P 5037 -s emulator-5554 shell dumpsys package com.socialnmobile.dictapps.notepad.color.note'
[debug] [38;5;64m[ADB][0m Retrieving requested permissions
[debug] [38;5;64m[ADB][0m Retrieved 16 permissions from requested group
[debug] [38;5;64m[ADB][0m Retrieving granted permissions
[debug] [38;5;64m[ADB][0m Retrieved 7 permissions from install,runtime groups
[debug] [38;5;64m[ADB][0m Granting permissions ["android.permission.WRITE_EXTERNAL_STORAGE","android.permission.READ_EXTERNAL_STORAGE"] to 'com.socialnmobile.dictapps.notepad.color.note'
[debug] [38;5;64m[ADB][0m Got the following command chunks to execute: [["pm","grant","com.socialnmobile.dictapps.notepad.color.note","android.permission.WRITE_EXTERNAL_STORAGE",";","pm","grant","com.socialnmobile.dictapps.notepad.color.note","android.permission.READ_EXTERNAL_STORAGE",";"]]
[debug] [38;5;64m[ADB][0m Running 'C:\Users\goabe\AppData\Local\Android\Sdk\platform-tools\adb.exe -P 5037 -s emulator-5554 shell pm grant com.socialnmobile.dictapps.notepad.color.note android.permission.WRITE_EXTERNAL_STORAGE ; pm grant com.socialnmobile.dictapps.notepad.color.note android.permission.READ_EXTERNAL_STORAGE ;'
[debug] [38;5;80m[AndroidDriver][0m Performed fast reset on the installed 'com.socialnmobile.dictapps.notepad.color.note' application (stop and clear)
[debug] [38;5;48m[AndroidUiautomator2Driver@f1ab (13cd8456)][0m Performing shallow cleanup of automation leftovers
[debug] [38;5;48m[AndroidUiautomator2Driver@f1ab (13cd8456)][0m No obsolete sessions have been detected (socket hang up)
[debug] [38;5;64m[ADB][0m Running 'C:\Users\goabe\AppData\Local\Android\Sdk\platform-tools\adb.exe -P 5037 -s emulator-5554 shell am force-stop io.appium.uiautomator2.server.test'
[38;5;48m[AndroidUiautomator2Driver@f1ab (13cd8456)][0m Starting UIAutomator2 server 5.7.7
[38;5;48m[AndroidUiautomator2Driver@f1ab (13cd8456)][0m Using UIAutomator2 server from 'B:\Projects\Appium-WebdriverIO\node_modules\appium-uiautomator2-driver\node_modules\appium-uiautomator2-server\apks\appium-uiautomator2-server-v5.7.7.apk' and test from 'B:\Projects\Appium-WebdriverIO\node_modules\appium-uiautomator2-driver\node_modules\appium-uiautomator2-server\apks\appium-uiautomator2-server-debug-androidTest.apk'
[38;5;48m[AndroidUiautomator2Driver@f1ab (13cd8456)][0m Waiting up to 30000ms for UiAutomator2 to be online...
[debug] [38;5;64m[ADB][0m Creating ADB subprocess with args: ["-P",5037,"-s","emulator-5554","shell","am","instrument","-w","-e","disableAnalytics",true,"io.appium.uiautomator2.server.test/androidx.test.runner.AndroidJUnitRunner"]
[debug] [38;5;48m[AndroidUiautomator2Driver@f1ab (13cd8456)][0m Matched '/status' to command name 'getStatus'
[debug] [38;5;48m[AndroidUiautomator2Driver@f1ab (13cd8456)][0m Proxying [GET /status] to [GET http://127.0.0.1:8200/status] with no body
[38;5;48m[AndroidUiautomator2Driver@f1ab (13cd8456)][0m socket hang up
[debug] [38;5;112m[Instrumentation][0m io.appium.uiautomator2.server.test.AppiumUiAutomator2Server:
[debug] [38;5;48m[AndroidUiautomator2Driver@f1ab (13cd8456)][0m Matched '/status' to command name 'getStatus'
[debug] [38;5;48m[AndroidUiautomator2Driver@f1ab (13cd8456)][0m Proxying [GET /status] to [GET http://127.0.0.1:8200/status] with no body
[38;5;48m[AndroidUiautomator2Driver@f1ab (13cd8456)][0m socket hang up
[debug] [38;5;48m[AndroidUiautomator2Driver@f1ab (13cd8456)][0m Matched '/status' to command name 'getStatus'
[debug] [38;5;48m[AndroidUiautomator2Driver@f1ab (13cd8456)][0m Proxying [GET /status] to [GET http://127.0.0.1:8200/status] with no body
[debug] [38;5;48m[AndroidUiautomator2Driver@f1ab (13cd8456)][0m Got response with status 200: {"sessionId":"None","value":{"message":"UiAutomator2 Server is ready to accept commands","ready":true}}
[debug] [38;5;48m[AndroidUiautomator2Driver@f1ab (13cd8456)][0m The initialization of the instrumentation process took 2134ms
[debug] [38;5;48m[AndroidUiautomator2Driver@f1ab (13cd8456)][0m Matched '/session' to command name 'createSession'
[debug] [38;5;48m[AndroidUiautomator2Driver@f1ab (13cd8456)][0m Proxying [POST /session] to [POST http://127.0.0.1:8200/session] with body: {"capabilities":{"firstMatch":[{"platform":"LINUX","webStorageEnabled":false,"takesScreenshot":true,"javascriptEnabled":true,"databaseEnabled":false,"networkConnectionEnabled":true,"locationContextEnabled":false,"warnings":{},"desired":{"platformName":"Android","platformVersion":"10","deviceName":"Pixel 3","automationName":"UiAutomator2","app":"B:\\Projects\\Appium-WebdriverIO\\app\\android\\ColorNote.apk","autoGrantPermissions":true},"platformName":"Android","platformVersion":"10","deviceName":"emulator-5554","automationName":"UiAutomator2","app":"B:\\Projects\\Appium-WebdriverIO\\app\\android\\ColorNote.apk","autoGrantPermissions":true,"deviceUDID":"emulator-5554","appPackage":"com.socialnmobile.dictapps.notepad.color.note"}],"alwaysMatch":{}}}
[debug] [38;5;48m[AndroidUiautomator2Driver@f1ab (13cd8456)][0m Got response with status 200: {"sessionId":"63fb9fb5-0525-44bb-9ef5-dad6f3426858","value":{"capabilities":{"firstMatch":[{"platform":"LINUX","webStorageEnabled":false,"takesScreenshot":true,"javascriptEnabled":true,"databaseEnabled":false,"networkConnectionEnabled":true,"locationContextEnabled":false,"warnings":{},"desired":{"platformName":"Android","platformVersion":"10","deviceName":"Pixel 3","automationName":"UiAutomator2","app":"B:\\Projects\\Appium-WebdriverIO\\app\\android\\ColorNote.apk","autoGrantPermissions":true},"platformName":"Android","platformVersion":"10","deviceName":"emulator-5554","automationName":"UiAutomator2","app":"B:\\Projects\\Appium-WebdriverIO\\app\\android\\ColorNote.apk","autoGrantPermissions":true,"deviceUDID":"emulator-5554","appPackage":"com.socialnmobile.dictapps.notepad.color.note"}],"alwaysMatch":{}},"sessionId":"63fb9fb5-0525-44bb-9ef5-dad6f3426858"}}
[38;5;48m[AndroidUiautomator2Driver@f1ab (13cd8456)][0m Determined the downstream protocol as 'W3C'
[debug] [38;5;48m[AndroidUiautomator2Driver@f1ab (13cd8456)][0m Proxying [GET /appium/device/info] to [GET http://127.0.0.1:8200/session/63fb9fb5-0525-44bb-9ef5-dad6f3426858/appium/device/info] with no body
[debug] [38;5;48m[AndroidUiautomator2Driver@f1ab (13cd8456)][0m Got response with status 200: {"sessionId":"63fb9fb5-0525-44bb-9ef5-dad6f3426858","value":{"androidId":"cfe162d137e833a9","apiVersion":"29","bluetooth":null,"brand":"google","carrierName":"Android","displayDensity":440,"locale":"en_US","manufacturer":"Google","model":"Android SDK built for x86","networks":[{"capabilities":{"SSID":null,"linkDownBandwidthKbps":1048576,"linkUpstreamBandwidthKbps":1048576,"networkCapabilities":"NET_CAPABILITY_NOT_METERED,NET_CAPABILITY_INTERNET,NET_CAPABILITY_NOT_RESTRICTED,NET_CAPABILITY_TRUSTED,NET_CAPABILITY_NOT_VPN,NET_CAPABILITY_VALIDATED,NET_CAPABILITY_NOT_ROAMING,NET_CAPABILITY_FOREGROUND,NET_CAPABILITY_NOT_CONGESTED,NET_CAPABILITY_NOT_SUSPENDED","signalStrength":-30,"transportTypes":"TRANSPORT_WIFI"},"detailedState":"CONNECTED","extraInfo":null,"isAvailable":true,"isConnected":true,"isFailover":false,"isRoaming":false,"state":"CONNECTED","subtype":0,"subtypeName":"","type":1,"typeName":"WIFI"},{"capabilities":{"SSID":null,"linkDownBandwidthKbps":102400,"linkUpstreamBandwidthKbps":51200,"networkCapa...
[debug] [38;5;64m[ADB][0m Running 'C:\Users\goabe\AppData\Local\Android\Sdk\platform-tools\adb.exe -P 5037 -s emulator-5554 shell dumpsys window'
[38;5;80m[AndroidDriver][0m Screen already unlocked, doing nothing
[38;5;48m[AndroidUiautomator2Driver@f1ab (13cd8456)][0m Starting 'com.socialnmobile.dictapps.notepad.color.note/com.socialnmobile.colornote.activity.Main and waiting for 'com.socialnmobile.dictapps.notepad.color.note/com.socialnmobile.colornote.activity.Main'
[debug] [38;5;64m[ADB][0m Running 'C:\Users\goabe\AppData\Local\Android\Sdk\platform-tools\adb.exe -P 5037 -s emulator-5554 shell am start -W -n com.socialnmobile.dictapps.notepad.color.note/com.socialnmobile.colornote.activity.Main -S -a android.intent.action.MAIN -c android.intent.category.LAUNCHER -f 0x10200000'
[debug] [38;5;64m[ADB][0m Waiting up to 20000ms for activity matching pkg: 'com.socialnmobile.dictapps.notepad.color.note' and activity: 'com.socialnmobile.colornote.activity.Main' to be focused
[debug] [38;5;64m[ADB][0m Possible activities, to be checked: 'com.socialnmobile.colornote.activity.Main', 'com.socialnmobile.dictapps.notepad.color.note.com.socialnmobile.colornote.activity.Main'
[debug] [38;5;64m[ADB][0m Getting focused package and activity
[debug] [38;5;64m[ADB][0m Running 'C:\Users\goabe\AppData\Local\Android\Sdk\platform-tools\adb.exe -P 5037 -s emulator-5554 shell dumpsys window displays'
[debug] [38;5;64m[ADB][0m Found package: 'com.socialnmobile.dictapps.notepad.color.note' and fully qualified activity name : 'com.socialnmobile.colornote.activity.Main'
[debug] [38;5;48m[AndroidUiautomator2Driver@f1ab (13cd8456)][0m Proxying [GET /appium/device/pixel_ratio] to [GET http://127.0.0.1:8200/session/63fb9fb5-0525-44bb-9ef5-dad6f3426858/appium/device/pixel_ratio] with no body
[debug] [38;5;48m[AndroidUiautomator2Driver@f1ab (13cd8456)][0m Got response with status 200: {"sessionId":"63fb9fb5-0525-44bb-9ef5-dad6f3426858","value":2.75}
[debug] [38;5;48m[AndroidUiautomator2Driver@f1ab (13cd8456)][0m Matched '/appium/device/system_bars' to command name 'getSystemBars'
[debug] [38;5;48m[AndroidUiautomator2Driver@f1ab (13cd8456)][0m Proxying [GET /appium/device/system_bars] to [GET http://127.0.0.1:8200/session/63fb9fb5-0525-44bb-9ef5-dad6f3426858/appium/device/system_bars] with no body
[debug] [38;5;48m[AndroidUiautomator2Driver@f1ab (13cd8456)][0m Got response with status 200: {"sessionId":"63fb9fb5-0525-44bb-9ef5-dad6f3426858","value":{"statusBar":66}}
[debug] [38;5;48m[AndroidUiautomator2Driver@f1ab (13cd8456)][0m Matched '/window/current/size' to command name 'getWindowSize'
[debug] [38;5;48m[AndroidUiautomator2Driver@f1ab (13cd8456)][0m Proxying [GET /window/current/size] to [GET http://127.0.0.1:8200/session/63fb9fb5-0525-44bb-9ef5-dad6f3426858/window/current/size] with no body
[debug] [38;5;48m[AndroidUiautomator2Driver@f1ab (13cd8456)][0m Got response with status 200: {"sessionId":"63fb9fb5-0525-44bb-9ef5-dad6f3426858","value":{"height":2028,"width":1080}}
[38;5;16m[AppiumDriver@a474][0m New AndroidUiautomator2Driver session created successfully, session 13cd8456-fdae-4525-a41d-3160a393f37b added to master session list
[debug] [38;5;16m[AppiumDriver@a474][0m Event 'newSessionStarted' logged at 1676118744877 (13:32:24 GMT+0100 (czas środkowoeuropejski standardowy))
[debug] [38;5;48m[AndroidUiautomator2Driver@f1ab (13cd8456)][0m Cached the protocol value 'W3C' for the new session 13cd8456-fdae-4525-a41d-3160a393f37b
[debug] [38;5;48m[AndroidUiautomator2Driver@f1ab (13cd8456)][0m Responding to client with driver.createSession() result: {"capabilities":{"platform":"LINUX","webStorageEnabled":false,"takesScreenshot":true,"javascriptEnabled":true,"databaseEnabled":false,"networkConnectionEnabled":true,"locationContextEnabled":false,"warnings":{},"desired":{"platformName":"Android","platformVersion":"10","deviceName":"Pixel 3","automationName":"UiAutomator2","app":"B:\\Projects\\Appium-WebdriverIO\\app\\android\\ColorNote.apk","autoGrantPermissions":true},"platformName":"Android","platformVersion":"10","deviceName":"emulator-5554","automationName":"UiAutomator2","app":"B:\\Projects\\Appium-WebdriverIO\\app\\android\\ColorNote.apk","autoGrantPermissions":true,"deviceUDID":"emulator-5554","appPackage":"com.socialnmobile.dictapps.notepad.color.note","deviceApiLevel":29,"deviceScreenSize":"1080x2160","deviceScreenDensity":440,"deviceModel":"Android SDK built for x86","deviceManufacturer":"Google","pixelRatio":2.75,"statBarHeight":66,"viewportRect":{"left":0,"top":66,"width":1080,"height":1962}}}
[38;5;0m[HTTP][0m [37m<-- POST /session [39m[32m200[39m [90m5892 ms - 1031[39m
[38;5;0m[HTTP][0m [90m[39m
[38;5;0m[HTTP][0m [37m-->[39m [37mPOST[39m [37m/session/13cd8456-fdae-4525-a41d-3160a393f37b/element[39m
[38;5;0m[HTTP][0m [90m{"using":"xpath","value":"//*[@resource-id=\"com.socialnmobile.dictapps.notepad.color.note:id/btn_start_skip\"]"}[39m
[debug] [38;5;48m[AndroidUiautomator2Driver@f1ab (13cd8456)][0m Calling AppiumDriver.findElement() with args: ["xpath","//*[@resource-id=\"com.socialnmobile.dictapps.notepad.color.note:id/btn_start_skip\"]","13cd8456-fdae-4525-a41d-3160a393f37b"]
[debug] [38;5;48m[AndroidUiautomator2Driver@f1ab (13cd8456)][0m Valid locator strategies for this request: xpath, id, class name, accessibility id, css selector, -android uiautomator
[debug] [38;5;48m[AndroidUiautomator2Driver@f1ab (13cd8456)][0m Waiting up to 0 ms for condition
[debug] [38;5;48m[AndroidUiautomator2Driver@f1ab (13cd8456)][0m Matched '/element' to command name 'findElement'
[debug] [38;5;48m[AndroidUiautomator2Driver@f1ab (13cd8456)][0m Proxying [POST /element] to [POST http://127.0.0.1:8200/session/63fb9fb5-0525-44bb-9ef5-dad6f3426858/element] with body: {"strategy":"xpath","selector":"//*[@resource-id=\"com.socialnmobile.dictapps.notepad.color.note:id/btn_start_skip\"]","context":"","multiple":false}
[debug] [38;5;48m[AndroidUiautomator2Driver@f1ab (13cd8456)][0m Got response with status 200: {"sessionId":"63fb9fb5-0525-44bb-9ef5-dad6f3426858","value":{"ELEMENT":"00000000-0000-07db-ffff-ffff0000008f","element-6066-11e4-a52e-4f735466cecf":"00000000-0000-07db-ffff-ffff0000008f"}}
[debug] [38;5;48m[AndroidUiautomator2Driver@f1ab (13cd8456)][0m Responding to client with driver.findElement() result: {"element-6066-11e4-a52e-4f735466cecf":"00000000-0000-07db-ffff-ffff0000008f","ELEMENT":"00000000-0000-07db-ffff-ffff0000008f"}
[38;5;0m[HTTP][0m [37m<-- POST /session/13cd8456-fdae-4525-a41d-3160a393f37b/element [39m[32m200[39m [90m1055 ms - 137[39m
[38;5;0m[HTTP][0m [90m[39m
[38;5;0m[HTTP][0m [37m-->[39m [37mPOST[39m [37m/session/13cd8456-fdae-4525-a41d-3160a393f37b/element/00000000-0000-07db-ffff-ffff0000008f/click[39m
[38;5;0m[HTTP][0m [90m{}[39m
[debug] [38;5;48m[AndroidUiautomator2Driver@f1ab (13cd8456)][0m Calling AppiumDriver.click() with args: ["00000000-0000-07db-ffff-ffff0000008f","13cd8456-fdae-4525-a41d-3160a393f37b"]
[debug] [38;5;48m[AndroidUiautomator2Driver@f1ab (13cd8456)][0m Matched '/element/00000000-0000-07db-ffff-ffff0000008f/click' to command name 'click'
[debug] [38;5;48m[AndroidUiautomator2Driver@f1ab (13cd8456)][0m Proxying [POST /element/00000000-0000-07db-ffff-ffff0000008f/click] to [POST http://127.0.0.1:8200/session/63fb9fb5-0525-44bb-9ef5-dad6f3426858/element/00000000-0000-07db-ffff-ffff0000008f/click] with body: {"element":"00000000-0000-07db-ffff-ffff0000008f"}
[debug] [38;5;48m[AndroidUiautomator2Driver@f1ab (13cd8456)][0m Got response with status 200: {"sessionId":"63fb9fb5-0525-44bb-9ef5-dad6f3426858","value":null}
[debug] [38;5;48m[AndroidUiautomator2Driver@f1ab (13cd8456)][0m Responding to client with driver.click() result: null
[38;5;0m[HTTP][0m [37m<-- POST /session/13cd8456-fdae-4525-a41d-3160a393f37b/element/00000000-0000-07db-ffff-ffff0000008f/click [39m[32m200[39m [90m55 ms - 14[39m
[38;5;0m[HTTP][0m [90m[39m
[38;5;0m[HTTP][0m [37m-->[39m [37mPOST[39m [37m/session/13cd8456-fdae-4525-a41d-3160a393f37b/element[39m
[38;5;0m[HTTP][0m [90m{"using":"xpath","value":"//*[@text=\"Add note\"]"}[39m
[debug] [38;5;48m[AndroidUiautomator2Driver@f1ab (13cd8456)][0m Calling AppiumDriver.findElement() with args: ["xpath","//*[@text=\"Add note\"]","13cd8456-fdae-4525-a41d-3160a393f37b"]
[debug] [38;5;48m[AndroidUiautomator2Driver@f1ab (13cd8456)][0m Valid locator strategies for this request: xpath, id, class name, accessibility id, css selector, -android uiautomator
[debug] [38;5;48m[AndroidUiautomator2Driver@f1ab (13cd8456)][0m Waiting up to 0 ms for condition
[debug] [38;5;48m[AndroidUiautomator2Driver@f1ab (13cd8456)][0m Matched '/element' to command name 'findElement'
[debug] [38;5;48m[AndroidUiautomator2Driver@f1ab (13cd8456)][0m Proxying [POST /element] to [POST http://127.0.0.1:8200/session/63fb9fb5-0525-44bb-9ef5-dad6f3426858/element] with body: {"strategy":"xpath","selector":"//*[@text=\"Add note\"]","context":"","multiple":false}
[38;5;48m[AndroidUiautomator2Driver@f1ab (13cd8456)][0m Got response with status 404: {"sessionId":"63fb9fb5-0525-44bb-9ef5-dad6f3426858","value":{"error":"no such element","message":"An element could not be located on the page using the given search parameters","stacktrace":"io.appium.uiautomator2.common.exceptions.ElementNotFoundException: An element could not be located on the page using the given search parameters\n\tat io.appium.uiautomator2.handler.FindElement.findElement(FindElement.java:90)\n\tat io.appium.uiautomator2.handler.FindElement.safeHandle(FindElement.java:67)\n\tat io.appium.uiautomator2.handler.request.SafeRequestHandler.handle(SafeRequestHandler.java:59)\n\tat io.appium.uiautomator2.server.AppiumServlet.handleRequest(AppiumServlet.java:267)\n\tat io.appium.uiautomator2.server.AppiumServlet.handleHttpRequest(AppiumServlet.java:261)\n\tat io.appium.uiautomator2.http.ServerHandler.channelRead(ServerHandler.java:68)\n\tat io.netty.channel.AbstractChannelHandlerContext.invokeChannelRead(AbstractChannelHandlerContext.java:366)\n\tat io.netty.channel.AbstractChannelHandlerCont...
[debug] [38;5;128m[W3C][0m Matched W3C error code 'no such element' to NoSuchElementError
[debug] [38;5;48m[AndroidUiautomator2Driver@f1ab (13cd8456)][0m Encountered internal error running command: NoSuchElementError: An element could not be located on the page using the given search parameters.
[debug] [38;5;48m[AndroidUiautomator2Driver@f1ab (13cd8456)][0m     at AndroidUiautomator2Driver.findElOrEls (B:\Projects\Appium-WebdriverIO\node_modules\appium-uiautomator2-driver\node_modules\appium-android-driver\lib\commands\find.js:75:11)
[debug] [38;5;48m[AndroidUiautomator2Driver@f1ab (13cd8456)][0m     at processTicksAndRejections (node:internal/process/task_queues:96:5)
[debug] [38;5;48m[AndroidUiautomator2Driver@f1ab (13cd8456)][0m     at AndroidUiautomator2Driver.findElOrElsWithProcessing (B:\Projects\Appium-WebdriverIO\node_modules\@appium\base-driver\lib\basedriver\commands\find.js:81:16)
[debug] [38;5;48m[AndroidUiautomator2Driver@f1ab (13cd8456)][0m     at AndroidUiautomator2Driver.findElement (B:\Projects\Appium-WebdriverIO\node_modules\@appium\base-driver\lib\basedriver\commands\find.js:21:14)
[38;5;0m[HTTP][0m [37m<-- POST /session/13cd8456-fdae-4525-a41d-3160a393f37b/element [39m[33m404[39m [90m88 ms - 839[39m
[38;5;0m[HTTP][0m [90m[39m
[38;5;0m[HTTP][0m [37m-->[39m [37mPOST[39m [37m/session/13cd8456-fdae-4525-a41d-3160a393f37b/element[39m
[38;5;0m[HTTP][0m [90m{"using":"xpath","value":"//*[@text=\"Add note\"]"}[39m
[debug] [38;5;48m[AndroidUiautomator2Driver@f1ab (13cd8456)][0m Calling AppiumDriver.findElement() with args: ["xpath","//*[@text=\"Add note\"]","13cd8456-fdae-4525-a41d-3160a393f37b"]
[debug] [38;5;48m[AndroidUiautomator2Driver@f1ab (13cd8456)][0m Valid locator strategies for this request: xpath, id, class name, accessibility id, css selector, -android uiautomator
[debug] [38;5;48m[AndroidUiautomator2Driver@f1ab (13cd8456)][0m Waiting up to 0 ms for condition
[debug] [38;5;48m[AndroidUiautomator2Driver@f1ab (13cd8456)][0m Matched '/element' to command name 'findElement'
[debug] [38;5;48m[AndroidUiautomator2Driver@f1ab (13cd8456)][0m Proxying [POST /element] to [POST http://127.0.0.1:8200/session/63fb9fb5-0525-44bb-9ef5-dad6f3426858/element] with body: {"strategy":"xpath","selector":"//*[@text=\"Add note\"]","context":"","multiple":false}
[debug] [38;5;48m[AndroidUiautomator2Driver@f1ab (13cd8456)][0m Got response with status 200: {"sessionId":"63fb9fb5-0525-44bb-9ef5-dad6f3426858","value":{"ELEMENT":"00000000-0000-07da-ffff-ffff0000005b","element-6066-11e4-a52e-4f735466cecf":"00000000-0000-07da-ffff-ffff0000005b"}}
[debug] [38;5;48m[AndroidUiautomator2Driver@f1ab (13cd8456)][0m Responding to client with driver.findElement() result: {"element-6066-11e4-a52e-4f735466cecf":"00000000-0000-07da-ffff-ffff0000005b","ELEMENT":"00000000-0000-07da-ffff-ffff0000005b"}
[38;5;0m[HTTP][0m [37m<-- POST /session/13cd8456-fdae-4525-a41d-3160a393f37b/element [39m[32m200[39m [90m923 ms - 137[39m
[38;5;0m[HTTP][0m [90m[39m
[38;5;0m[HTTP][0m [37m-->[39m [37mGET[39m [37m/session/13cd8456-fdae-4525-a41d-3160a393f37b/element/00000000-0000-07da-ffff-ffff0000005b/displayed[39m
[38;5;0m[HTTP][0m [90m{}[39m
[debug] [38;5;48m[AndroidUiautomator2Driver@f1ab (13cd8456)][0m Calling AppiumDriver.elementDisplayed() with args: ["00000000-0000-07da-ffff-ffff0000005b","13cd8456-fdae-4525-a41d-3160a393f37b"]
[debug] [38;5;48m[AndroidUiautomator2Driver@f1ab (13cd8456)][0m Matched '/element/00000000-0000-07da-ffff-ffff0000005b/attribute/displayed' to command name 'getAttribute'
[debug] [38;5;48m[AndroidUiautomator2Driver@f1ab (13cd8456)][0m Proxying [GET /element/00000000-0000-07da-ffff-ffff0000005b/attribute/displayed] to [GET http://127.0.0.1:8200/session/63fb9fb5-0525-44bb-9ef5-dad6f3426858/element/00000000-0000-07da-ffff-ffff0000005b/attribute/displayed] with no body
[debug] [38;5;48m[AndroidUiautomator2Driver@f1ab (13cd8456)][0m Got response with status 200: {"sessionId":"63fb9fb5-0525-44bb-9ef5-dad6f3426858","value":"true"}
[debug] [38;5;48m[AndroidUiautomator2Driver@f1ab (13cd8456)][0m Responding to client with driver.elementDisplayed() result: true
[38;5;0m[HTTP][0m [37m<-- GET /session/13cd8456-fdae-4525-a41d-3160a393f37b/element/00000000-0000-07da-ffff-ffff0000005b/displayed [39m[32m200[39m [90m10 ms - 14[39m
[38;5;0m[HTTP][0m [90m[39m
[38;5;0m[HTTP][0m [37m-->[39m [37mPOST[39m [37m/session/13cd8456-fdae-4525-a41d-3160a393f37b/element[39m
[38;5;0m[HTTP][0m [90m{"using":"xpath","value":"//*[@text=\"Add note\"]"}[39m
[debug] [38;5;48m[AndroidUiautomator2Driver@f1ab (13cd8456)][0m Calling AppiumDriver.findElement() with args: ["xpath","//*[@text=\"Add note\"]","13cd8456-fdae-4525-a41d-3160a393f37b"]
[debug] [38;5;48m[AndroidUiautomator2Driver@f1ab (13cd8456)][0m Valid locator strategies for this request: xpath, id, class name, accessibility id, css selector, -android uiautomator
[debug] [38;5;48m[AndroidUiautomator2Driver@f1ab (13cd8456)][0m Waiting up to 0 ms for condition
[debug] [38;5;48m[AndroidUiautomator2Driver@f1ab (13cd8456)][0m Matched '/element' to command name 'findElement'
[debug] [38;5;48m[AndroidUiautomator2Driver@f1ab (13cd8456)][0m Proxying [POST /element] to [POST http://127.0.0.1:8200/session/63fb9fb5-0525-44bb-9ef5-dad6f3426858/element] with body: {"strategy":"xpath","selector":"//*[@text=\"Add note\"]","context":"","multiple":false}
[debug] [38;5;48m[AndroidUiautomator2Driver@f1ab (13cd8456)][0m Got response with status 200: {"sessionId":"63fb9fb5-0525-44bb-9ef5-dad6f3426858","value":{"ELEMENT":"00000000-0000-07da-ffff-ffff0000005b","element-6066-11e4-a52e-4f735466cecf":"00000000-0000-07da-ffff-ffff0000005b"}}
[debug] [38;5;48m[AndroidUiautomator2Driver@f1ab (13cd8456)][0m Responding to client with driver.findElement() result: {"element-6066-11e4-a52e-4f735466cecf":"00000000-0000-07da-ffff-ffff0000005b","ELEMENT":"00000000-0000-07da-ffff-ffff0000005b"}
[38;5;0m[HTTP][0m [37m<-- POST /session/13cd8456-fdae-4525-a41d-3160a393f37b/element [39m[32m200[39m [90m51 ms - 137[39m
[38;5;0m[HTTP][0m [90m[39m
[38;5;0m[HTTP][0m [37m-->[39m [37mPOST[39m [37m/session/13cd8456-fdae-4525-a41d-3160a393f37b/element/00000000-0000-07da-ffff-ffff0000005b/click[39m
[38;5;0m[HTTP][0m [90m{}[39m
[debug] [38;5;48m[AndroidUiautomator2Driver@f1ab (13cd8456)][0m Calling AppiumDriver.click() with args: ["00000000-0000-07da-ffff-ffff0000005b","13cd8456-fdae-4525-a41d-3160a393f37b"]
[debug] [38;5;48m[AndroidUiautomator2Driver@f1ab (13cd8456)][0m Matched '/element/00000000-0000-07da-ffff-ffff0000005b/click' to command name 'click'
[debug] [38;5;48m[AndroidUiautomator2Driver@f1ab (13cd8456)][0m Proxying [POST /element/00000000-0000-07da-ffff-ffff0000005b/click] to [POST http://127.0.0.1:8200/session/63fb9fb5-0525-44bb-9ef5-dad6f3426858/element/00000000-0000-07da-ffff-ffff0000005b/click] with body: {"element":"00000000-0000-07da-ffff-ffff0000005b"}
[debug] [38;5;48m[AndroidUiautomator2Driver@f1ab (13cd8456)][0m Got response with status 200: {"sessionId":"63fb9fb5-0525-44bb-9ef5-dad6f3426858","value":null}
[debug] [38;5;48m[AndroidUiautomator2Driver@f1ab (13cd8456)][0m Responding to client with driver.click() result: null
[38;5;0m[HTTP][0m [37m<-- POST /session/13cd8456-fdae-4525-a41d-3160a393f37b/element/00000000-0000-07da-ffff-ffff0000005b/click [39m[32m200[39m [90m43 ms - 14[39m
[38;5;0m[HTTP][0m [90m[39m
[38;5;0m[HTTP][0m [37m-->[39m [37mPOST[39m [37m/session/13cd8456-fdae-4525-a41d-3160a393f37b/element[39m
[38;5;0m[HTTP][0m [90m{"using":"xpath","value":"//*[@text=\"Text\"]"}[39m
[debug] [38;5;48m[AndroidUiautomator2Driver@f1ab (13cd8456)][0m Calling AppiumDriver.findElement() with args: ["xpath","//*[@text=\"Text\"]","13cd8456-fdae-4525-a41d-3160a393f37b"]
[debug] [38;5;48m[AndroidUiautomator2Driver@f1ab (13cd8456)][0m Valid locator strategies for this request: xpath, id, class name, accessibility id, css selector, -android uiautomator
[debug] [38;5;48m[AndroidUiautomator2Driver@f1ab (13cd8456)][0m Waiting up to 0 ms for condition
[debug] [38;5;48m[AndroidUiautomator2Driver@f1ab (13cd8456)][0m Matched '/element' to command name 'findElement'
[debug] [38;5;48m[AndroidUiautomator2Driver@f1ab (13cd8456)][0m Proxying [POST /element] to [POST http://127.0.0.1:8200/session/63fb9fb5-0525-44bb-9ef5-dad6f3426858/element] with body: {"strategy":"xpath","selector":"//*[@text=\"Text\"]","context":"","multiple":false}
[debug] [38;5;48m[AndroidUiautomator2Driver@f1ab (13cd8456)][0m Got response with status 200: {"sessionId":"63fb9fb5-0525-44bb-9ef5-dad6f3426858","value":{"ELEMENT":"00000000-0000-07dc-ffff-ffff000000ae","element-6066-11e4-a52e-4f735466cecf":"00000000-0000-07dc-ffff-ffff000000ae"}}
[debug] [38;5;48m[AndroidUiautomator2Driver@f1ab (13cd8456)][0m Responding to client with driver.findElement() result: {"element-6066-11e4-a52e-4f735466cecf":"00000000-0000-07dc-ffff-ffff000000ae","ELEMENT":"00000000-0000-07dc-ffff-ffff000000ae"}
[38;5;0m[HTTP][0m [37m<-- POST /session/13cd8456-fdae-4525-a41d-3160a393f37b/element [39m[32m200[39m [90m100 ms - 137[39m
[38;5;0m[HTTP][0m [90m[39m
[38;5;0m[HTTP][0m [37m-->[39m [37mPOST[39m [37m/session/13cd8456-fdae-4525-a41d-3160a393f37b/element/00000000-0000-07dc-ffff-ffff000000ae/click[39m
[38;5;0m[HTTP][0m [90m{}[39m
[debug] [38;5;48m[AndroidUiautomator2Driver@f1ab (13cd8456)][0m Calling AppiumDriver.click() with args: ["00000000-0000-07dc-ffff-ffff000000ae","13cd8456-fdae-4525-a41d-3160a393f37b"]
[debug] [38;5;48m[AndroidUiautomator2Driver@f1ab (13cd8456)][0m Matched '/element/00000000-0000-07dc-ffff-ffff000000ae/click' to command name 'click'
[debug] [38;5;48m[AndroidUiautomator2Driver@f1ab (13cd8456)][0m Proxying [POST /element/00000000-0000-07dc-ffff-ffff000000ae/click] to [POST http://127.0.0.1:8200/session/63fb9fb5-0525-44bb-9ef5-dad6f3426858/element/00000000-0000-07dc-ffff-ffff000000ae/click] with body: {"element":"00000000-0000-07dc-ffff-ffff000000ae"}
[debug] [38;5;48m[AndroidUiautomator2Driver@f1ab (13cd8456)][0m Got response with status 200: {"sessionId":"63fb9fb5-0525-44bb-9ef5-dad6f3426858","value":null}
[debug] [38;5;48m[AndroidUiautomator2Driver@f1ab (13cd8456)][0m Responding to client with driver.click() result: null
[38;5;0m[HTTP][0m [37m<-- POST /session/13cd8456-fdae-4525-a41d-3160a393f37b/element/00000000-0000-07dc-ffff-ffff000000ae/click [39m[32m200[39m [90m1439 ms - 14[39m
[38;5;0m[HTTP][0m [90m[39m
[38;5;0m[HTTP][0m [37m-->[39m [37mPOST[39m [37m/session/13cd8456-fdae-4525-a41d-3160a393f37b/element[39m
[38;5;0m[HTTP][0m [90m{"using":"xpath","value":"//*[@text=\"Editing\"]"}[39m
[debug] [38;5;48m[AndroidUiautomator2Driver@f1ab (13cd8456)][0m Calling AppiumDriver.findElement() with args: ["xpath","//*[@text=\"Editing\"]","13cd8456-fdae-4525-a41d-3160a393f37b"]
[debug] [38;5;48m[AndroidUiautomator2Driver@f1ab (13cd8456)][0m Valid locator strategies for this request: xpath, id, class name, accessibility id, css selector, -android uiautomator
[debug] [38;5;48m[AndroidUiautomator2Driver@f1ab (13cd8456)][0m Waiting up to 0 ms for condition
[debug] [38;5;48m[AndroidUiautomator2Driver@f1ab (13cd8456)][0m Matched '/element' to command name 'findElement'
[debug] [38;5;48m[AndroidUiautomator2Driver@f1ab (13cd8456)][0m Proxying [POST /element] to [POST http://127.0.0.1:8200/session/63fb9fb5-0525-44bb-9ef5-dad6f3426858/element] with body: {"strategy":"xpath","selector":"//*[@text=\"Editing\"]","context":"","multiple":false}
[debug] [38;5;48m[AndroidUiautomator2Driver@f1ab (13cd8456)][0m Got response with status 200: {"sessionId":"63fb9fb5-0525-44bb-9ef5-dad6f3426858","value":{"ELEMENT":"00000000-0000-07dd-ffff-ffff000000e0","element-6066-11e4-a52e-4f735466cecf":"00000000-0000-07dd-ffff-ffff000000e0"}}
[debug] [38;5;48m[AndroidUiautomator2Driver@f1ab (13cd8456)][0m Responding to client with driver.findElement() result: {"element-6066-11e4-a52e-4f735466cecf":"00000000-0000-07dd-ffff-ffff000000e0","ELEMENT":"00000000-0000-07dd-ffff-ffff000000e0"}
[38;5;0m[HTTP][0m [37m<-- POST /session/13cd8456-fdae-4525-a41d-3160a393f37b/element [39m[32m200[39m [90m40 ms - 137[39m
[38;5;0m[HTTP][0m [90m[39m
[38;5;0m[HTTP][0m [37m-->[39m [37mGET[39m [37m/session/13cd8456-fdae-4525-a41d-3160a393f37b/element/00000000-0000-07dd-ffff-ffff000000e0/displayed[39m
[38;5;0m[HTTP][0m [90m{}[39m
[debug] [38;5;48m[AndroidUiautomator2Driver@f1ab (13cd8456)][0m Calling AppiumDriver.elementDisplayed() with args: ["00000000-0000-07dd-ffff-ffff000000e0","13cd8456-fdae-4525-a41d-3160a393f37b"]
[debug] [38;5;48m[AndroidUiautomator2Driver@f1ab (13cd8456)][0m Matched '/element/00000000-0000-07dd-ffff-ffff000000e0/attribute/displayed' to command name 'getAttribute'
[debug] [38;5;48m[AndroidUiautomator2Driver@f1ab (13cd8456)][0m Proxying [GET /element/00000000-0000-07dd-ffff-ffff000000e0/attribute/displayed] to [GET http://127.0.0.1:8200/session/63fb9fb5-0525-44bb-9ef5-dad6f3426858/element/00000000-0000-07dd-ffff-ffff000000e0/attribute/displayed] with no body
[debug] [38;5;48m[AndroidUiautomator2Driver@f1ab (13cd8456)][0m Got response with status 200: {"sessionId":"63fb9fb5-0525-44bb-9ef5-dad6f3426858","value":"true"}
[debug] [38;5;48m[AndroidUiautomator2Driver@f1ab (13cd8456)][0m Responding to client with driver.elementDisplayed() result: true
[38;5;0m[HTTP][0m [37m<-- GET /session/13cd8456-fdae-4525-a41d-3160a393f37b/element/00000000-0000-07dd-ffff-ffff000000e0/displayed [39m[32m200[39m [90m12 ms - 14[39m
[38;5;0m[HTTP][0m [90m[39m
[38;5;0m[HTTP][0m [37m-->[39m [37mPOST[39m [37m/session/13cd8456-fdae-4525-a41d-3160a393f37b/element[39m
[38;5;0m[HTTP][0m [90m{"using":"xpath","value":"//*[@resource-id=\"com.socialnmobile.dictapps.notepad.color.note:id/edit_title\"]"}[39m
[debug] [38;5;48m[AndroidUiautomator2Driver@f1ab (13cd8456)][0m Calling AppiumDriver.findElement() with args: ["xpath","//*[@resource-id=\"com.socialnmobile.dictapps.notepad.color.note:id/edit_title\"]","13cd8456-fdae-4525-a41d-3160a393f37b"]
[debug] [38;5;48m[AndroidUiautomator2Driver@f1ab (13cd8456)][0m Valid locator strategies for this request: xpath, id, class name, accessibility id, css selector, -android uiautomator
[debug] [38;5;48m[AndroidUiautomator2Driver@f1ab (13cd8456)][0m Waiting up to 0 ms for condition
[debug] [38;5;48m[AndroidUiautomator2Driver@f1ab (13cd8456)][0m Matched '/element' to command name 'findElement'
[debug] [38;5;48m[AndroidUiautomator2Driver@f1ab (13cd8456)][0m Proxying [POST /element] to [POST http://127.0.0.1:8200/session/63fb9fb5-0525-44bb-9ef5-dad6f3426858/element] with body: {"strategy":"xpath","selector":"//*[@resource-id=\"com.socialnmobile.dictapps.notepad.color.note:id/edit_title\"]","context":"","multiple":false}
[debug] [38;5;48m[AndroidUiautomator2Driver@f1ab (13cd8456)][0m Got response with status 200: {"sessionId":"63fb9fb5-0525-44bb-9ef5-dad6f3426858","value":{"ELEMENT":"00000000-0000-07dd-ffff-ffff000000d6","element-6066-11e4-a52e-4f735466cecf":"00000000-0000-07dd-ffff-ffff000000d6"}}
[debug] [38;5;48m[AndroidUiautomator2Driver@f1ab (13cd8456)][0m Responding to client with driver.findElement() result: {"element-6066-11e4-a52e-4f735466cecf":"00000000-0000-07dd-ffff-ffff000000d6","ELEMENT":"00000000-0000-07dd-ffff-ffff000000d6"}
[38;5;0m[HTTP][0m [37m<-- POST /session/13cd8456-fdae-4525-a41d-3160a393f37b/element [39m[32m200[39m [90m41 ms - 137[39m
[38;5;0m[HTTP][0m [90m[39m
[38;5;0m[HTTP][0m [37m-->[39m [37mPOST[39m [37m/session/13cd8456-fdae-4525-a41d-3160a393f37b/element/00000000-0000-07dd-ffff-ffff000000d6/value[39m
[38;5;0m[HTTP][0m [90m{"text":"TV shows"}[39m
[debug] [38;5;48m[AndroidUiautomator2Driver@f1ab (13cd8456)][0m Calling AppiumDriver.setValue() with args: ["TV shows","00000000-0000-07dd-ffff-ffff000000d6","13cd8456-fdae-4525-a41d-3160a393f37b"]
[debug] [38;5;48m[AndroidUiautomator2Driver@f1ab (13cd8456)][0m Matched '/element/00000000-0000-07dd-ffff-ffff000000d6/value' to command name 'setValue'
[debug] [38;5;48m[AndroidUiautomator2Driver@f1ab (13cd8456)][0m Added 'value' property ["T","V"," ","s","h","o","w","s"] to 'setValue' request body
[debug] [38;5;48m[AndroidUiautomator2Driver@f1ab (13cd8456)][0m Proxying [POST /element/00000000-0000-07dd-ffff-ffff000000d6/value] to [POST http://127.0.0.1:8200/session/63fb9fb5-0525-44bb-9ef5-dad6f3426858/element/00000000-0000-07dd-ffff-ffff000000d6/value] with body: {"elementId":"00000000-0000-07dd-ffff-ffff000000d6","text":"TV shows","replace":false,"value":["T","V"," ","s","h","o","w","s"]}
[debug] [38;5;48m[AndroidUiautomator2Driver@f1ab (13cd8456)][0m Got response with status 200: {"sessionId":"63fb9fb5-0525-44bb-9ef5-dad6f3426858","value":null}
[debug] [38;5;48m[AndroidUiautomator2Driver@f1ab (13cd8456)][0m Responding to client with driver.setValue() result: null
[38;5;0m[HTTP][0m [37m<-- POST /session/13cd8456-fdae-4525-a41d-3160a393f37b/element/00000000-0000-07dd-ffff-ffff000000d6/value [39m[32m200[39m [90m25 ms - 14[39m
[38;5;0m[HTTP][0m [90m[39m
[38;5;0m[HTTP][0m [37m-->[39m [37mPOST[39m [37m/session/13cd8456-fdae-4525-a41d-3160a393f37b/element[39m
[38;5;0m[HTTP][0m [90m{"using":"xpath","value":"//*[@resource-id=\"com.socialnmobile.dictapps.notepad.color.note:id/edit_note\"]"}[39m
[debug] [38;5;48m[AndroidUiautomator2Driver@f1ab (13cd8456)][0m Calling AppiumDriver.findElement() with args: ["xpath","//*[@resource-id=\"com.socialnmobile.dictapps.notepad.color.note:id/edit_note\"]","13cd8456-fdae-4525-a41d-3160a393f37b"]
[debug] [38;5;48m[AndroidUiautomator2Driver@f1ab (13cd8456)][0m Valid locator strategies for this request: xpath, id, class name, accessibility id, css selector, -android uiautomator
[debug] [38;5;48m[AndroidUiautomator2Driver@f1ab (13cd8456)][0m Waiting up to 0 ms for condition
[debug] [38;5;48m[AndroidUiautomator2Driver@f1ab (13cd8456)][0m Matched '/element' to command name 'findElement'
[debug] [38;5;48m[AndroidUiautomator2Driver@f1ab (13cd8456)][0m Proxying [POST /element] to [POST http://127.0.0.1:8200/session/63fb9fb5-0525-44bb-9ef5-dad6f3426858/element] with body: {"strategy":"xpath","selector":"//*[@resource-id=\"com.socialnmobile.dictapps.notepad.color.note:id/edit_note\"]","context":"","multiple":false}
[debug] [38;5;48m[AndroidUiautomator2Driver@f1ab (13cd8456)][0m Got response with status 200: {"sessionId":"63fb9fb5-0525-44bb-9ef5-dad6f3426858","value":{"ELEMENT":"00000000-0000-07dd-ffff-ffff000000e7","element-6066-11e4-a52e-4f735466cecf":"00000000-0000-07dd-ffff-ffff000000e7"}}
[debug] [38;5;48m[AndroidUiautomator2Driver@f1ab (13cd8456)][0m Responding to client with driver.findElement() result: {"element-6066-11e4-a52e-4f735466cecf":"00000000-0000-07dd-ffff-ffff000000e7","ELEMENT":"00000000-0000-07dd-ffff-ffff000000e7"}
[38;5;0m[HTTP][0m [37m<-- POST /session/13cd8456-fdae-4525-a41d-3160a393f37b/element [39m[32m200[39m [90m522 ms - 137[39m
[38;5;0m[HTTP][0m [90m[39m
[38;5;0m[HTTP][0m [37m-->[39m [37mPOST[39m [37m/session/13cd8456-fdae-4525-a41d-3160a393f37b/element/00000000-0000-07dd-ffff-ffff000000e7/value[39m
[38;5;0m[HTTP][0m [90m{"text":"Friends\nBreakingBad\nPeakyBlinders"}[39m
[debug] [38;5;48m[AndroidUiautomator2Driver@f1ab (13cd8456)][0m Calling AppiumDriver.setValue() with args: ["Friends\nBreakingBad\nPeakyBlinders","00000000-0000-07dd-ffff-ffff000000e7","13cd8456-fdae-4525-a41d-3160a393f37b"]
[debug] [38;5;48m[AndroidUiautomator2Driver@f1ab (13cd8456)][0m Matched '/element/00000000-0000-07dd-ffff-ffff000000e7/value' to command name 'setValue'
[debug] [38;5;48m[AndroidUiautomator2Driver@f1ab (13cd8456)][0m Added 'value' property ["F","r","i","e","n","d","s","\n","B","r","e","a","k","i","n","g","B","a","d","\n","P","e","a","k","y","B","l","i","n","d","e","r","s"] to 'setValue' request body
[debug] [38;5;48m[AndroidUiautomator2Driver@f1ab (13cd8456)][0m Proxying [POST /element/00000000-0000-07dd-ffff-ffff000000e7/value] to [POST http://127.0.0.1:8200/session/63fb9fb5-0525-44bb-9ef5-dad6f3426858/element/00000000-0000-07dd-ffff-ffff000000e7/value] with body: {"elementId":"00000000-0000-07dd-ffff-ffff000000e7","text":"Friends\nBreakingBad\nPeakyBlinders","replace":false,"value":["F","r","i","e","n","d","s","\n","B","r","e","a","k","i","n","g","B","a","d","\n","P","e","a","k","y","B","l","i","n","d","e","r","s"]}
[debug] [38;5;48m[AndroidUiautomator2Driver@f1ab (13cd8456)][0m Got response with status 200: {"sessionId":"63fb9fb5-0525-44bb-9ef5-dad6f3426858","value":null}
[debug] [38;5;48m[AndroidUiautomator2Driver@f1ab (13cd8456)][0m Responding to client with driver.setValue() result: null
[38;5;0m[HTTP][0m [37m<-- POST /session/13cd8456-fdae-4525-a41d-3160a393f37b/element/00000000-0000-07dd-ffff-ffff000000e7/value [39m[32m200[39m [90m33 ms - 14[39m
[38;5;0m[HTTP][0m [90m[39m
[38;5;0m[HTTP][0m [37m-->[39m [37mPOST[39m [37m/session/13cd8456-fdae-4525-a41d-3160a393f37b/back[39m
[38;5;0m[HTTP][0m [90m{}[39m
[38;5;48m[AndroidUiautomator2Driver@f1ab (13cd8456)][0m Driver proxy active, passing request on via HTTP proxy
[debug] [38;5;48m[AndroidUiautomator2Driver@f1ab (13cd8456)][0m Matched '/session/13cd8456-fdae-4525-a41d-3160a393f37b/back' to command name 'back'
[debug] [38;5;48m[AndroidUiautomator2Driver@f1ab (13cd8456)][0m Proxying [POST /session/13cd8456-fdae-4525-a41d-3160a393f37b/back] to [POST http://127.0.0.1:8200/session/63fb9fb5-0525-44bb-9ef5-dad6f3426858/back] with body: {}
[debug] [38;5;48m[AndroidUiautomator2Driver@f1ab (13cd8456)][0m Got response with status 200: {"sessionId":"63fb9fb5-0525-44bb-9ef5-dad6f3426858","value":null}
[38;5;48m[AndroidUiautomator2Driver@f1ab (13cd8456)][0m Replacing sessionId 63fb9fb5-0525-44bb-9ef5-dad6f3426858 with 13cd8456-fdae-4525-a41d-3160a393f37b
[38;5;0m[HTTP][0m [37m<-- POST /session/13cd8456-fdae-4525-a41d-3160a393f37b/back [39m[32m200[39m [90m898 ms - 65[39m
[38;5;0m[HTTP][0m [90m[39m
[38;5;0m[HTTP][0m [37m-->[39m [37mPOST[39m [37m/session/13cd8456-fdae-4525-a41d-3160a393f37b/back[39m
[38;5;0m[HTTP][0m [90m{}[39m
[38;5;48m[AndroidUiautomator2Driver@f1ab (13cd8456)][0m Driver proxy active, passing request on via HTTP proxy
[debug] [38;5;48m[AndroidUiautomator2Driver@f1ab (13cd8456)][0m Matched '/session/13cd8456-fdae-4525-a41d-3160a393f37b/back' to command name 'back'
[debug] [38;5;48m[AndroidUiautomator2Driver@f1ab (13cd8456)][0m Proxying [POST /session/13cd8456-fdae-4525-a41d-3160a393f37b/back] to [POST http://127.0.0.1:8200/session/63fb9fb5-0525-44bb-9ef5-dad6f3426858/back] with body: {}
[debug] [38;5;48m[AndroidUiautomator2Driver@f1ab (13cd8456)][0m Got response with status 200: {"sessionId":"63fb9fb5-0525-44bb-9ef5-dad6f3426858","value":null}
[38;5;48m[AndroidUiautomator2Driver@f1ab (13cd8456)][0m Replacing sessionId 63fb9fb5-0525-44bb-9ef5-dad6f3426858 with 13cd8456-fdae-4525-a41d-3160a393f37b
[38;5;0m[HTTP][0m [37m<-- POST /session/13cd8456-fdae-4525-a41d-3160a393f37b/back [39m[32m200[39m [90m716 ms - 65[39m
[38;5;0m[HTTP][0m [90m[39m
[38;5;0m[HTTP][0m [37m-->[39m [37mPOST[39m [37m/session/13cd8456-fdae-4525-a41d-3160a393f37b/element[39m
[38;5;0m[HTTP][0m [90m{"using":"xpath","value":"//*[@resource-id=\"com.socialnmobile.dictapps.notepad.color.note:id/edit_btn\"]"}[39m
[debug] [38;5;48m[AndroidUiautomator2Driver@f1ab (13cd8456)][0m Calling AppiumDriver.findElement() with args: ["xpath","//*[@resource-id=\"com.socialnmobile.dictapps.notepad.color.note:id/edit_btn\"]","13cd8456-fdae-4525-a41d-3160a393f37b"]
[debug] [38;5;48m[AndroidUiautomator2Driver@f1ab (13cd8456)][0m Valid locator strategies for this request: xpath, id, class name, accessibility id, css selector, -android uiautomator
[debug] [38;5;48m[AndroidUiautomator2Driver@f1ab (13cd8456)][0m Waiting up to 0 ms for condition
[debug] [38;5;48m[AndroidUiautomator2Driver@f1ab (13cd8456)][0m Matched '/element' to command name 'findElement'
[debug] [38;5;48m[AndroidUiautomator2Driver@f1ab (13cd8456)][0m Proxying [POST /element] to [POST http://127.0.0.1:8200/session/63fb9fb5-0525-44bb-9ef5-dad6f3426858/element] with body: {"strategy":"xpath","selector":"//*[@resource-id=\"com.socialnmobile.dictapps.notepad.color.note:id/edit_btn\"]","context":"","multiple":false}
[debug] [38;5;48m[AndroidUiautomator2Driver@f1ab (13cd8456)][0m Got response with status 200: {"sessionId":"63fb9fb5-0525-44bb-9ef5-dad6f3426858","value":{"ELEMENT":"00000000-0000-07dd-ffff-ffff000000d8","element-6066-11e4-a52e-4f735466cecf":"00000000-0000-07dd-ffff-ffff000000d8"}}
[debug] [38;5;48m[AndroidUiautomator2Driver@f1ab (13cd8456)][0m Responding to client with driver.findElement() result: {"element-6066-11e4-a52e-4f735466cecf":"00000000-0000-07dd-ffff-ffff000000d8","ELEMENT":"00000000-0000-07dd-ffff-ffff000000d8"}
[38;5;0m[HTTP][0m [37m<-- POST /session/13cd8456-fdae-4525-a41d-3160a393f37b/element [39m[32m200[39m [90m719 ms - 137[39m
[38;5;0m[HTTP][0m [90m[39m
[38;5;0m[HTTP][0m [37m-->[39m [37mGET[39m [37m/session/13cd8456-fdae-4525-a41d-3160a393f37b/element/00000000-0000-07dd-ffff-ffff000000d8/displayed[39m
[38;5;0m[HTTP][0m [90m{}[39m
[debug] [38;5;48m[AndroidUiautomator2Driver@f1ab (13cd8456)][0m Calling AppiumDriver.elementDisplayed() with args: ["00000000-0000-07dd-ffff-ffff000000d8","13cd8456-fdae-4525-a41d-3160a393f37b"]
[debug] [38;5;48m[AndroidUiautomator2Driver@f1ab (13cd8456)][0m Matched '/element/00000000-0000-07dd-ffff-ffff000000d8/attribute/displayed' to command name 'getAttribute'
[debug] [38;5;48m[AndroidUiautomator2Driver@f1ab (13cd8456)][0m Proxying [GET /element/00000000-0000-07dd-ffff-ffff000000d8/attribute/displayed] to [GET http://127.0.0.1:8200/session/63fb9fb5-0525-44bb-9ef5-dad6f3426858/element/00000000-0000-07dd-ffff-ffff000000d8/attribute/displayed] with no body
[debug] [38;5;48m[AndroidUiautomator2Driver@f1ab (13cd8456)][0m Got response with status 200: {"sessionId":"63fb9fb5-0525-44bb-9ef5-dad6f3426858","value":"true"}
[debug] [38;5;48m[AndroidUiautomator2Driver@f1ab (13cd8456)][0m Responding to client with driver.elementDisplayed() result: true
[38;5;0m[HTTP][0m [37m<-- GET /session/13cd8456-fdae-4525-a41d-3160a393f37b/element/00000000-0000-07dd-ffff-ffff000000d8/displayed [39m[32m200[39m [90m13 ms - 14[39m
[38;5;0m[HTTP][0m [90m[39m
[38;5;0m[HTTP][0m [37m-->[39m [37mPOST[39m [37m/session/13cd8456-fdae-4525-a41d-3160a393f37b/back[39m
[38;5;0m[HTTP][0m [90m{}[39m
[38;5;48m[AndroidUiautomator2Driver@f1ab (13cd8456)][0m Driver proxy active, passing request on via HTTP proxy
[debug] [38;5;48m[AndroidUiautomator2Driver@f1ab (13cd8456)][0m Matched '/session/13cd8456-fdae-4525-a41d-3160a393f37b/back' to command name 'back'
[debug] [38;5;48m[AndroidUiautomator2Driver@f1ab (13cd8456)][0m Proxying [POST /session/13cd8456-fdae-4525-a41d-3160a393f37b/back] to [POST http://127.0.0.1:8200/session/63fb9fb5-0525-44bb-9ef5-dad6f3426858/back] with body: {}
[debug] [38;5;48m[AndroidUiautomator2Driver@f1ab (13cd8456)][0m Got response with status 200: {"sessionId":"63fb9fb5-0525-44bb-9ef5-dad6f3426858","value":null}
[38;5;48m[AndroidUiautomator2Driver@f1ab (13cd8456)][0m Replacing sessionId 63fb9fb5-0525-44bb-9ef5-dad6f3426858 with 13cd8456-fdae-4525-a41d-3160a393f37b
[38;5;0m[HTTP][0m [37m<-- POST /session/13cd8456-fdae-4525-a41d-3160a393f37b/back [39m[32m200[39m [90m500 ms - 65[39m
[38;5;0m[HTTP][0m [90m[39m
[38;5;0m[HTTP][0m [37m-->[39m [37mPOST[39m [37m/session/13cd8456-fdae-4525-a41d-3160a393f37b/element[39m
[38;5;0m[HTTP][0m [90m{"using":"xpath","value":"//*[@resource-id=\"com.socialnmobile.dictapps.notepad.color.note:id/title\"]"}[39m
[debug] [38;5;48m[AndroidUiautomator2Driver@f1ab (13cd8456)][0m Calling AppiumDriver.findElement() with args: ["xpath","//*[@resource-id=\"com.socialnmobile.dictapps.notepad.color.note:id/title\"]","13cd8456-fdae-4525-a41d-3160a393f37b"]
[debug] [38;5;48m[AndroidUiautomator2Driver@f1ab (13cd8456)][0m Valid locator strategies for this request: xpath, id, class name, accessibility id, css selector, -android uiautomator
[debug] [38;5;48m[AndroidUiautomator2Driver@f1ab (13cd8456)][0m Waiting up to 0 ms for condition
[debug] [38;5;48m[AndroidUiautomator2Driver@f1ab (13cd8456)][0m Matched '/element' to command name 'findElement'
[debug] [38;5;48m[AndroidUiautomator2Driver@f1ab (13cd8456)][0m Proxying [POST /element] to [POST http://127.0.0.1:8200/session/63fb9fb5-0525-44bb-9ef5-dad6f3426858/element] with body: {"strategy":"xpath","selector":"//*[@resource-id=\"com.socialnmobile.dictapps.notepad.color.note:id/title\"]","context":"","multiple":false}
[debug] [38;5;48m[AndroidUiautomator2Driver@f1ab (13cd8456)][0m Got response with status 200: {"sessionId":"63fb9fb5-0525-44bb-9ef5-dad6f3426858","value":{"ELEMENT":"00000000-0000-07da-ffff-ffff000000f6","element-6066-11e4-a52e-4f735466cecf":"00000000-0000-07da-ffff-ffff000000f6"}}
[debug] [38;5;48m[AndroidUiautomator2Driver@f1ab (13cd8456)][0m Responding to client with driver.findElement() result: {"element-6066-11e4-a52e-4f735466cecf":"00000000-0000-07da-ffff-ffff000000f6","ELEMENT":"00000000-0000-07da-ffff-ffff000000f6"}
[38;5;0m[HTTP][0m [37m<-- POST /session/13cd8456-fdae-4525-a41d-3160a393f37b/element [39m[32m200[39m [90m616 ms - 137[39m
[38;5;0m[HTTP][0m [90m[39m
[38;5;0m[HTTP][0m [37m-->[39m [37mPOST[39m [37m/session/13cd8456-fdae-4525-a41d-3160a393f37b/element/00000000-0000-07da-ffff-ffff000000f6/click[39m
[38;5;0m[HTTP][0m [90m{}[39m
[debug] [38;5;48m[AndroidUiautomator2Driver@f1ab (13cd8456)][0m Calling AppiumDriver.click() with args: ["00000000-0000-07da-ffff-ffff000000f6","13cd8456-fdae-4525-a41d-3160a393f37b"]
[debug] [38;5;48m[AndroidUiautomator2Driver@f1ab (13cd8456)][0m Matched '/element/00000000-0000-07da-ffff-ffff000000f6/click' to command name 'click'
[debug] [38;5;48m[AndroidUiautomator2Driver@f1ab (13cd8456)][0m Proxying [POST /element/00000000-0000-07da-ffff-ffff000000f6/click] to [POST http://127.0.0.1:8200/session/63fb9fb5-0525-44bb-9ef5-dad6f3426858/element/00000000-0000-07da-ffff-ffff000000f6/click] with body: {"element":"00000000-0000-07da-ffff-ffff000000f6"}
[debug] [38;5;48m[AndroidUiautomator2Driver@f1ab (13cd8456)][0m Got response with status 200: {"sessionId":"63fb9fb5-0525-44bb-9ef5-dad6f3426858","value":null}
[debug] [38;5;48m[AndroidUiautomator2Driver@f1ab (13cd8456)][0m Responding to client with driver.click() result: null
[38;5;0m[HTTP][0m [37m<-- POST /session/13cd8456-fdae-4525-a41d-3160a393f37b/element/00000000-0000-07da-ffff-ffff000000f6/click [39m[32m200[39m [90m679 ms - 14[39m
[38;5;0m[HTTP][0m [90m[39m
[38;5;0m[HTTP][0m [37m-->[39m [37mPOST[39m [37m/session/13cd8456-fdae-4525-a41d-3160a393f37b/element[39m
[38;5;0m[HTTP][0m [90m{"using":"accessibility id","value":"More"}[39m
[debug] [38;5;48m[AndroidUiautomator2Driver@f1ab (13cd8456)][0m Calling AppiumDriver.findElement() with args: ["accessibility id","More","13cd8456-fdae-4525-a41d-3160a393f37b"]
[debug] [38;5;48m[AndroidUiautomator2Driver@f1ab (13cd8456)][0m Valid locator strategies for this request: xpath, id, class name, accessibility id, css selector, -android uiautomator
[debug] [38;5;48m[AndroidUiautomator2Driver@f1ab (13cd8456)][0m Waiting up to 0 ms for condition
[debug] [38;5;48m[AndroidUiautomator2Driver@f1ab (13cd8456)][0m Matched '/element' to command name 'findElement'
[debug] [38;5;48m[AndroidUiautomator2Driver@f1ab (13cd8456)][0m Proxying [POST /element] to [POST http://127.0.0.1:8200/session/63fb9fb5-0525-44bb-9ef5-dad6f3426858/element] with body: {"strategy":"accessibility id","selector":"More","context":"","multiple":false}
[debug] [38;5;48m[AndroidUiautomator2Driver@f1ab (13cd8456)][0m Got response with status 200: {"sessionId":"63fb9fb5-0525-44bb-9ef5-dad6f3426858","value":{"ELEMENT":"00000000-0000-07df-ffff-ffff0000013f","element-6066-11e4-a52e-4f735466cecf":"00000000-0000-07df-ffff-ffff0000013f"}}
[debug] [38;5;48m[AndroidUiautomator2Driver@f1ab (13cd8456)][0m Responding to client with driver.findElement() result: {"element-6066-11e4-a52e-4f735466cecf":"00000000-0000-07df-ffff-ffff0000013f","ELEMENT":"00000000-0000-07df-ffff-ffff0000013f"}
[38;5;0m[HTTP][0m [37m<-- POST /session/13cd8456-fdae-4525-a41d-3160a393f37b/element [39m[32m200[39m [90m17 ms - 137[39m
[38;5;0m[HTTP][0m [90m[39m
[38;5;0m[HTTP][0m [37m-->[39m [37mPOST[39m [37m/session/13cd8456-fdae-4525-a41d-3160a393f37b/element/00000000-0000-07df-ffff-ffff0000013f/click[39m
[38;5;0m[HTTP][0m [90m{}[39m
[debug] [38;5;48m[AndroidUiautomator2Driver@f1ab (13cd8456)][0m Calling AppiumDriver.click() with args: ["00000000-0000-07df-ffff-ffff0000013f","13cd8456-fdae-4525-a41d-3160a393f37b"]
[debug] [38;5;48m[AndroidUiautomator2Driver@f1ab (13cd8456)][0m Matched '/element/00000000-0000-07df-ffff-ffff0000013f/click' to command name 'click'
[debug] [38;5;48m[AndroidUiautomator2Driver@f1ab (13cd8456)][0m Proxying [POST /element/00000000-0000-07df-ffff-ffff0000013f/click] to [POST http://127.0.0.1:8200/session/63fb9fb5-0525-44bb-9ef5-dad6f3426858/element/00000000-0000-07df-ffff-ffff0000013f/click] with body: {"element":"00000000-0000-07df-ffff-ffff0000013f"}
[debug] [38;5;48m[AndroidUiautomator2Driver@f1ab (13cd8456)][0m Got response with status 200: {"sessionId":"63fb9fb5-0525-44bb-9ef5-dad6f3426858","value":null}
[debug] [38;5;48m[AndroidUiautomator2Driver@f1ab (13cd8456)][0m Responding to client with driver.click() result: null
[38;5;0m[HTTP][0m [37m<-- POST /session/13cd8456-fdae-4525-a41d-3160a393f37b/element/00000000-0000-07df-ffff-ffff0000013f/click [39m[32m200[39m [90m40 ms - 14[39m
[38;5;0m[HTTP][0m [90m[39m
[38;5;0m[HTTP][0m [37m-->[39m [37mPOST[39m [37m/session/13cd8456-fdae-4525-a41d-3160a393f37b/element[39m
[38;5;0m[HTTP][0m [90m{"using":"xpath","value":"//*[@text=\"Delete\"]"}[39m
[debug] [38;5;48m[AndroidUiautomator2Driver@f1ab (13cd8456)][0m Calling AppiumDriver.findElement() with args: ["xpath","//*[@text=\"Delete\"]","13cd8456-fdae-4525-a41d-3160a393f37b"]
[debug] [38;5;48m[AndroidUiautomator2Driver@f1ab (13cd8456)][0m Valid locator strategies for this request: xpath, id, class name, accessibility id, css selector, -android uiautomator
[debug] [38;5;48m[AndroidUiautomator2Driver@f1ab (13cd8456)][0m Waiting up to 0 ms for condition
[debug] [38;5;48m[AndroidUiautomator2Driver@f1ab (13cd8456)][0m Matched '/element' to command name 'findElement'
[debug] [38;5;48m[AndroidUiautomator2Driver@f1ab (13cd8456)][0m Proxying [POST /element] to [POST http://127.0.0.1:8200/session/63fb9fb5-0525-44bb-9ef5-dad6f3426858/element] with body: {"strategy":"xpath","selector":"//*[@text=\"Delete\"]","context":"","multiple":false}
[debug] [38;5;48m[AndroidUiautomator2Driver@f1ab (13cd8456)][0m Got response with status 200: {"sessionId":"63fb9fb5-0525-44bb-9ef5-dad6f3426858","value":{"ELEMENT":"00000000-0000-07e0-ffff-ffff00000175","element-6066-11e4-a52e-4f735466cecf":"00000000-0000-07e0-ffff-ffff00000175"}}
[debug] [38;5;48m[AndroidUiautomator2Driver@f1ab (13cd8456)][0m Responding to client with driver.findElement() result: {"element-6066-11e4-a52e-4f735466cecf":"00000000-0000-07e0-ffff-ffff00000175","ELEMENT":"00000000-0000-07e0-ffff-ffff00000175"}
[38;5;0m[HTTP][0m [37m<-- POST /session/13cd8456-fdae-4525-a41d-3160a393f37b/element [39m[32m200[39m [90m112 ms - 137[39m
[38;5;0m[HTTP][0m [90m[39m
[38;5;0m[HTTP][0m [37m-->[39m [37mPOST[39m [37m/session/13cd8456-fdae-4525-a41d-3160a393f37b/element/00000000-0000-07e0-ffff-ffff00000175/click[39m
[38;5;0m[HTTP][0m [90m{}[39m
[debug] [38;5;48m[AndroidUiautomator2Driver@f1ab (13cd8456)][0m Calling AppiumDriver.click() with args: ["00000000-0000-07e0-ffff-ffff00000175","13cd8456-fdae-4525-a41d-3160a393f37b"]
[debug] [38;5;48m[AndroidUiautomator2Driver@f1ab (13cd8456)][0m Matched '/element/00000000-0000-07e0-ffff-ffff00000175/click' to command name 'click'
[debug] [38;5;48m[AndroidUiautomator2Driver@f1ab (13cd8456)][0m Proxying [POST /element/00000000-0000-07e0-ffff-ffff00000175/click] to [POST http://127.0.0.1:8200/session/63fb9fb5-0525-44bb-9ef5-dad6f3426858/element/00000000-0000-07e0-ffff-ffff00000175/click] with body: {"element":"00000000-0000-07e0-ffff-ffff00000175"}
[debug] [38;5;48m[AndroidUiautomator2Driver@f1ab (13cd8456)][0m Got response with status 200: {"sessionId":"63fb9fb5-0525-44bb-9ef5-dad6f3426858","value":null}
[debug] [38;5;48m[AndroidUiautomator2Driver@f1ab (13cd8456)][0m Responding to client with driver.click() result: null
[38;5;0m[HTTP][0m [37m<-- POST /session/13cd8456-fdae-4525-a41d-3160a393f37b/element/00000000-0000-07e0-ffff-ffff00000175/click [39m[32m200[39m [90m1151 ms - 14[39m
[38;5;0m[HTTP][0m [90m[39m
[38;5;0m[HTTP][0m [37m-->[39m [37mPOST[39m [37m/session/13cd8456-fdae-4525-a41d-3160a393f37b/alert/accept[39m
[38;5;0m[HTTP][0m [90m{}[39m
[debug] [38;5;48m[AndroidUiautomator2Driver@f1ab (13cd8456)][0m Calling AppiumDriver.postAcceptAlert() with args: ["13cd8456-fdae-4525-a41d-3160a393f37b"]
[debug] [38;5;48m[AndroidUiautomator2Driver@f1ab (13cd8456)][0m Matched '/alert/accept' to command name 'postAcceptAlert'
[debug] [38;5;48m[AndroidUiautomator2Driver@f1ab (13cd8456)][0m Proxying [POST /alert/accept] to [POST http://127.0.0.1:8200/session/63fb9fb5-0525-44bb-9ef5-dad6f3426858/alert/accept] with body: {}
[debug] [38;5;48m[AndroidUiautomator2Driver@f1ab (13cd8456)][0m Got response with status 200: {"sessionId":"63fb9fb5-0525-44bb-9ef5-dad6f3426858","value":null}
[debug] [38;5;48m[AndroidUiautomator2Driver@f1ab (13cd8456)][0m Responding to client with driver.postAcceptAlert() result: null
[38;5;0m[HTTP][0m [37m<-- POST /session/13cd8456-fdae-4525-a41d-3160a393f37b/alert/accept [39m[32m200[39m [90m109 ms - 14[39m
[38;5;0m[HTTP][0m [90m[39m
[38;5;0m[HTTP][0m [37m-->[39m [37mPOST[39m [37m/session/13cd8456-fdae-4525-a41d-3160a393f37b/element[39m
[38;5;0m[HTTP][0m [90m{"using":"xpath","value":"//*[@resource-id=\"com.socialnmobile.dictapps.notepad.color.note:id/icon_nav\"]"}[39m
[debug] [38;5;48m[AndroidUiautomator2Driver@f1ab (13cd8456)][0m Calling AppiumDriver.findElement() with args: ["xpath","//*[@resource-id=\"com.socialnmobile.dictapps.notepad.color.note:id/icon_nav\"]","13cd8456-fdae-4525-a41d-3160a393f37b"]
[debug] [38;5;48m[AndroidUiautomator2Driver@f1ab (13cd8456)][0m Valid locator strategies for this request: xpath, id, class name, accessibility id, css selector, -android uiautomator
[debug] [38;5;48m[AndroidUiautomator2Driver@f1ab (13cd8456)][0m Waiting up to 0 ms for condition
[debug] [38;5;48m[AndroidUiautomator2Driver@f1ab (13cd8456)][0m Matched '/element' to command name 'findElement'
[debug] [38;5;48m[AndroidUiautomator2Driver@f1ab (13cd8456)][0m Proxying [POST /element] to [POST http://127.0.0.1:8200/session/63fb9fb5-0525-44bb-9ef5-dad6f3426858/element] with body: {"strategy":"xpath","selector":"//*[@resource-id=\"com.socialnmobile.dictapps.notepad.color.note:id/icon_nav\"]","context":"","multiple":false}
[debug] [38;5;48m[AndroidUiautomator2Driver@f1ab (13cd8456)][0m Got response with status 200: {"sessionId":"63fb9fb5-0525-44bb-9ef5-dad6f3426858","value":{"ELEMENT":"00000000-0000-07da-ffff-ffff00000011","element-6066-11e4-a52e-4f735466cecf":"00000000-0000-07da-ffff-ffff00000011"}}
[debug] [38;5;48m[AndroidUiautomator2Driver@f1ab (13cd8456)][0m Responding to client with driver.findElement() result: {"element-6066-11e4-a52e-4f735466cecf":"00000000-0000-07da-ffff-ffff00000011","ELEMENT":"00000000-0000-07da-ffff-ffff00000011"}
[38;5;0m[HTTP][0m [37m<-- POST /session/13cd8456-fdae-4525-a41d-3160a393f37b/element [39m[32m200[39m [90m322 ms - 137[39m
[38;5;0m[HTTP][0m [90m[39m
[38;5;0m[HTTP][0m [37m-->[39m [37mPOST[39m [37m/session/13cd8456-fdae-4525-a41d-3160a393f37b/element/00000000-0000-07da-ffff-ffff00000011/click[39m
[38;5;0m[HTTP][0m [90m{}[39m
[debug] [38;5;48m[AndroidUiautomator2Driver@f1ab (13cd8456)][0m Calling AppiumDriver.click() with args: ["00000000-0000-07da-ffff-ffff00000011","13cd8456-fdae-4525-a41d-3160a393f37b"]
[debug] [38;5;48m[AndroidUiautomator2Driver@f1ab (13cd8456)][0m Matched '/element/00000000-0000-07da-ffff-ffff00000011/click' to command name 'click'
[debug] [38;5;48m[AndroidUiautomator2Driver@f1ab (13cd8456)][0m Proxying [POST /element/00000000-0000-07da-ffff-ffff00000011/click] to [POST http://127.0.0.1:8200/session/63fb9fb5-0525-44bb-9ef5-dad6f3426858/element/00000000-0000-07da-ffff-ffff00000011/click] with body: {"element":"00000000-0000-07da-ffff-ffff00000011"}
[debug] [38;5;48m[AndroidUiautomator2Driver@f1ab (13cd8456)][0m Got response with status 200: {"sessionId":"63fb9fb5-0525-44bb-9ef5-dad6f3426858","value":null}
[debug] [38;5;48m[AndroidUiautomator2Driver@f1ab (13cd8456)][0m Responding to client with driver.click() result: null
[38;5;0m[HTTP][0m [37m<-- POST /session/13cd8456-fdae-4525-a41d-3160a393f37b/element/00000000-0000-07da-ffff-ffff00000011/click [39m[32m200[39m [90m782 ms - 14[39m
[38;5;0m[HTTP][0m [90m[39m
[38;5;0m[HTTP][0m [37m-->[39m [37mPOST[39m [37m/session/13cd8456-fdae-4525-a41d-3160a393f37b/element[39m
[38;5;0m[HTTP][0m [90m{"using":"xpath","value":"//*[@text=\"Trash Can\"]"}[39m
[debug] [38;5;48m[AndroidUiautomator2Driver@f1ab (13cd8456)][0m Calling AppiumDriver.findElement() with args: ["xpath","//*[@text=\"Trash Can\"]","13cd8456-fdae-4525-a41d-3160a393f37b"]
[debug] [38;5;48m[AndroidUiautomator2Driver@f1ab (13cd8456)][0m Valid locator strategies for this request: xpath, id, class name, accessibility id, css selector, -android uiautomator
[debug] [38;5;48m[AndroidUiautomator2Driver@f1ab (13cd8456)][0m Waiting up to 0 ms for condition
[debug] [38;5;48m[AndroidUiautomator2Driver@f1ab (13cd8456)][0m Matched '/element' to command name 'findElement'
[debug] [38;5;48m[AndroidUiautomator2Driver@f1ab (13cd8456)][0m Proxying [POST /element] to [POST http://127.0.0.1:8200/session/63fb9fb5-0525-44bb-9ef5-dad6f3426858/element] with body: {"strategy":"xpath","selector":"//*[@text=\"Trash Can\"]","context":"","multiple":false}
[debug] [38;5;48m[AndroidUiautomator2Driver@f1ab (13cd8456)][0m Got response with status 200: {"sessionId":"63fb9fb5-0525-44bb-9ef5-dad6f3426858","value":{"ELEMENT":"00000000-0000-07da-ffff-ffff0000019b","element-6066-11e4-a52e-4f735466cecf":"00000000-0000-07da-ffff-ffff0000019b"}}
[debug] [38;5;48m[AndroidUiautomator2Driver@f1ab (13cd8456)][0m Responding to client with driver.findElement() result: {"element-6066-11e4-a52e-4f735466cecf":"00000000-0000-07da-ffff-ffff0000019b","ELEMENT":"00000000-0000-07da-ffff-ffff0000019b"}
[38;5;0m[HTTP][0m [37m<-- POST /session/13cd8456-fdae-4525-a41d-3160a393f37b/element [39m[32m200[39m [90m216 ms - 137[39m
[38;5;0m[HTTP][0m [90m[39m
[38;5;0m[HTTP][0m [37m-->[39m [37mPOST[39m [37m/session/13cd8456-fdae-4525-a41d-3160a393f37b/element/00000000-0000-07da-ffff-ffff0000019b/click[39m
[38;5;0m[HTTP][0m [90m{}[39m
[debug] [38;5;48m[AndroidUiautomator2Driver@f1ab (13cd8456)][0m Calling AppiumDriver.click() with args: ["00000000-0000-07da-ffff-ffff0000019b","13cd8456-fdae-4525-a41d-3160a393f37b"]
[debug] [38;5;48m[AndroidUiautomator2Driver@f1ab (13cd8456)][0m Matched '/element/00000000-0000-07da-ffff-ffff0000019b/click' to command name 'click'
[debug] [38;5;48m[AndroidUiautomator2Driver@f1ab (13cd8456)][0m Proxying [POST /element/00000000-0000-07da-ffff-ffff0000019b/click] to [POST http://127.0.0.1:8200/session/63fb9fb5-0525-44bb-9ef5-dad6f3426858/element/00000000-0000-07da-ffff-ffff0000019b/click] with body: {"element":"00000000-0000-07da-ffff-ffff0000019b"}
[debug] [38;5;48m[AndroidUiautomator2Driver@f1ab (13cd8456)][0m Got response with status 200: {"sessionId":"63fb9fb5-0525-44bb-9ef5-dad6f3426858","value":null}
[debug] [38;5;48m[AndroidUiautomator2Driver@f1ab (13cd8456)][0m Responding to client with driver.click() result: null
[38;5;0m[HTTP][0m [37m<-- POST /session/13cd8456-fdae-4525-a41d-3160a393f37b/element/00000000-0000-07da-ffff-ffff0000019b/click [39m[32m200[39m [90m1723 ms - 14[39m
[38;5;0m[HTTP][0m [90m[39m
[38;5;0m[HTTP][0m [37m-->[39m [37mPOST[39m [37m/session/13cd8456-fdae-4525-a41d-3160a393f37b/element[39m
[38;5;0m[HTTP][0m [90m{"using":"xpath","value":"//*[@resource-id=\"com.socialnmobile.dictapps.notepad.color.note:id/title\"]"}[39m
[debug] [38;5;48m[AndroidUiautomator2Driver@f1ab (13cd8456)][0m Calling AppiumDriver.findElement() with args: ["xpath","//*[@resource-id=\"com.socialnmobile.dictapps.notepad.color.note:id/title\"]","13cd8456-fdae-4525-a41d-3160a393f37b"]
[debug] [38;5;48m[AndroidUiautomator2Driver@f1ab (13cd8456)][0m Valid locator strategies for this request: xpath, id, class name, accessibility id, css selector, -android uiautomator
[debug] [38;5;48m[AndroidUiautomator2Driver@f1ab (13cd8456)][0m Waiting up to 0 ms for condition
[debug] [38;5;48m[AndroidUiautomator2Driver@f1ab (13cd8456)][0m Matched '/element' to command name 'findElement'
[debug] [38;5;48m[AndroidUiautomator2Driver@f1ab (13cd8456)][0m Proxying [POST /element] to [POST http://127.0.0.1:8200/session/63fb9fb5-0525-44bb-9ef5-dad6f3426858/element] with body: {"strategy":"xpath","selector":"//*[@resource-id=\"com.socialnmobile.dictapps.notepad.color.note:id/title\"]","context":"","multiple":false}
[debug] [38;5;48m[AndroidUiautomator2Driver@f1ab (13cd8456)][0m Got response with status 200: {"sessionId":"63fb9fb5-0525-44bb-9ef5-dad6f3426858","value":{"ELEMENT":"00000000-0000-07da-ffff-ffff000001bd","element-6066-11e4-a52e-4f735466cecf":"00000000-0000-07da-ffff-ffff000001bd"}}
[debug] [38;5;48m[AndroidUiautomator2Driver@f1ab (13cd8456)][0m Responding to client with driver.findElement() result: {"element-6066-11e4-a52e-4f735466cecf":"00000000-0000-07da-ffff-ffff000001bd","ELEMENT":"00000000-0000-07da-ffff-ffff000001bd"}
[38;5;0m[HTTP][0m [37m<-- POST /session/13cd8456-fdae-4525-a41d-3160a393f37b/element [39m[32m200[39m [90m57 ms - 137[39m
[38;5;0m[HTTP][0m [90m[39m
[38;5;0m[HTTP][0m [37m-->[39m [37mGET[39m [37m/session/13cd8456-fdae-4525-a41d-3160a393f37b/element/00000000-0000-07da-ffff-ffff000001bd/text[39m
[38;5;0m[HTTP][0m [90m{}[39m
[38;5;48m[AndroidUiautomator2Driver@f1ab (13cd8456)][0m Driver proxy active, passing request on via HTTP proxy
[debug] [38;5;48m[AndroidUiautomator2Driver@f1ab (13cd8456)][0m Matched '/session/13cd8456-fdae-4525-a41d-3160a393f37b/element/00000000-0000-07da-ffff-ffff000001bd/text' to command name 'getText'
[debug] [38;5;48m[AndroidUiautomator2Driver@f1ab (13cd8456)][0m Proxying [GET /session/13cd8456-fdae-4525-a41d-3160a393f37b/element/00000000-0000-07da-ffff-ffff000001bd/text] to [GET http://127.0.0.1:8200/session/63fb9fb5-0525-44bb-9ef5-dad6f3426858/element/00000000-0000-07da-ffff-ffff000001bd/text] with no body
[debug] [38;5;48m[AndroidUiautomator2Driver@f1ab (13cd8456)][0m Got response with status 200: {"sessionId":"63fb9fb5-0525-44bb-9ef5-dad6f3426858","value":"TV shows"}
[38;5;48m[AndroidUiautomator2Driver@f1ab (13cd8456)][0m Replacing sessionId 63fb9fb5-0525-44bb-9ef5-dad6f3426858 with 13cd8456-fdae-4525-a41d-3160a393f37b
[38;5;0m[HTTP][0m [37m<-- GET /session/13cd8456-fdae-4525-a41d-3160a393f37b/element/00000000-0000-07da-ffff-ffff000001bd/text [39m[32m200[39m [90m13 ms - 71[39m
[38;5;0m[HTTP][0m [90m[39m
[38;5;0m[HTTP][0m [37m-->[39m [37mDELETE[39m [37m/session/13cd8456-fdae-4525-a41d-3160a393f37b[39m
[38;5;0m[HTTP][0m [90m{}[39m
[debug] [38;5;48m[AndroidUiautomator2Driver@f1ab (13cd8456)][0m Calling AppiumDriver.deleteSession() with args: ["13cd8456-fdae-4525-a41d-3160a393f37b"]
[debug] [38;5;16m[AppiumDriver@a474][0m Event 'quitSessionRequested' logged at 1676118758196 (13:32:38 GMT+0100 (czas środkowoeuropejski standardowy))
[38;5;16m[AppiumDriver@a474][0m Removing session 13cd8456-fdae-4525-a41d-3160a393f37b from our master session list
[debug] [38;5;48m[AndroidUiautomator2Driver@f1ab (13cd8456)][0m Deleting UiAutomator2 session
[debug] [38;5;48m[AndroidUiautomator2Driver@f1ab (13cd8456)][0m Deleting UiAutomator2 server session
[debug] [38;5;48m[AndroidUiautomator2Driver@f1ab (13cd8456)][0m Matched '/' to command name 'deleteSession'
[debug] [38;5;48m[AndroidUiautomator2Driver@f1ab (13cd8456)][0m Proxying [DELETE /] to [DELETE http://127.0.0.1:8200/session/63fb9fb5-0525-44bb-9ef5-dad6f3426858] with no body
[debug] [38;5;48m[AndroidUiautomator2Driver@f1ab (13cd8456)][0m Got response with status 200: {"sessionId":"63fb9fb5-0525-44bb-9ef5-dad6f3426858","value":null}
[debug] [38;5;64m[ADB][0m Running 'C:\Users\goabe\AppData\Local\Android\Sdk\platform-tools\adb.exe -P 5037 -s emulator-5554 shell dumpsys activity services io.appium.settings/.recorder.RecorderService'
[debug] [38;5;64m[ADB][0m Running 'C:\Users\goabe\AppData\Local\Android\Sdk\platform-tools\adb.exe -P 5037 -s emulator-5554 shell am force-stop com.socialnmobile.dictapps.notepad.color.note'
[debug] [38;5;96m[Logcat][0m Stopping logcat capture
[debug] [38;5;64m[ADB][0m Removing forwarded port socket connection: 8200 
[debug] [38;5;64m[ADB][0m Running 'C:\Users\goabe\AppData\Local\Android\Sdk\platform-tools\adb.exe -P 5037 -s emulator-5554 forward --remove tcp:8200'
[38;5;48m[AndroidUiautomator2Driver@f1ab (13cd8456)][0m Restoring hidden api policy to the device default configuration
[debug] [38;5;64m[ADB][0m Running 'C:\Users\goabe\AppData\Local\Android\Sdk\platform-tools\adb.exe -P 5037 -s emulator-5554 shell 'settings delete global hidden_api_policy_pre_p_apps;settings delete global hidden_api_policy_p_apps;settings delete global hidden_api_policy''
[debug] [38;5;112m[Instrumentation][0m .
[debug] [38;5;112m[Instrumentation][0m Time: 16.051
[debug] [38;5;112m[Instrumentation][0m 
[debug] [38;5;112m[Instrumentation][0m OK (1 test)
[debug] [38;5;112m[Instrumentation][0m The process has exited with code 0
[debug] [38;5;16m[AppiumDriver@a474][0m Event 'quitSessionFinished' logged at 1676118758483 (13:32:38 GMT+0100 (czas środkowoeuropejski standardowy))
[debug] [38;5;16m[AppiumDriver@a474][0m Received response: null
[debug] [38;5;16m[AppiumDriver@a474][0m But deleting session, so not returning
[debug] [38;5;16m[AppiumDriver@a474][0m Responding to client with driver.deleteSession() result: null
[38;5;0m[HTTP][0m [37m<-- DELETE /session/13cd8456-fdae-4525-a41d-3160a393f37b [39m[32m200[39m [90m288 ms - 14[39m
[38;5;0m[HTTP][0m [90m[39m
